2025-05-08 18:18:34,486 - INFO - [31m[1mWARNING: This is a development server. Do not use it in a production deployment. Use a production WSGI server instead.[0m
 * Running on http://127.0.0.1:5000
2025-05-08 18:18:34,486 - INFO - [33mPress CTRL+C to quit[0m
2025-05-08 18:18:34,488 - INFO -  * Restarting with stat
2025-05-08 18:18:35,025 - WARNING -  * Debugger is active!
2025-05-08 18:18:35,032 - INFO -  * Debugger PIN: 669-873-542
2025-05-08 18:21:07,724 - INFO - 127.0.0.1 - - [08/May/2025 18:21:07] "OPTIONS /verify-payment HTTP/1.1" 200 -
2025-05-08 18:21:07,990 - INFO - Starting payment proof verification
2025-05-08 18:21:08,499 - ERROR - Error in payment proof detection: C:\Program Files\Tesseract-OCR\tesseract.exe is not installed or it's not in your PATH. See README file for more information.
2025-05-08 18:21:08,508 - INFO - Payment not verified, saved for review: unverified_payment_1746703268.jpg
2025-05-08 18:21:08,510 - INFO - 127.0.0.1 - - [08/May/2025 18:21:08] "POST /verify-payment HTTP/1.1" 200 -
2025-05-08 18:21:14,551 - INFO - 127.0.0.1 - - [08/May/2025 18:21:14] "OPTIONS /verify-payment HTTP/1.1" 200 -
2025-05-08 18:21:14,811 - INFO - Starting payment proof verification
2025-05-08 18:21:15,179 - ERROR - Error in payment proof detection: C:\Program Files\Tesseract-OCR\tesseract.exe is not installed or it's not in your PATH. See README file for more information.
2025-05-08 18:21:15,183 - INFO - Payment not verified, saved for review: unverified_payment_1746703275.jpg
2025-05-08 18:21:15,184 - INFO - 127.0.0.1 - - [08/May/2025 18:21:15] "POST /verify-payment HTTP/1.1" 200 -
2025-05-08 18:21:23,439 - INFO - 127.0.0.1 - - [08/May/2025 18:21:23] "OPTIONS /verify-payment HTTP/1.1" 200 -
2025-05-08 18:21:23,707 - INFO - Starting payment proof verification
2025-05-08 18:21:23,991 - ERROR - Error in payment proof detection: C:\Program Files\Tesseract-OCR\tesseract.exe is not installed or it's not in your PATH. See README file for more information.
2025-05-08 18:21:23,994 - INFO - Payment not verified, saved for review: unverified_payment_1746703283.jpg
2025-05-08 18:21:23,995 - INFO - 127.0.0.1 - - [08/May/2025 18:21:23] "POST /verify-payment HTTP/1.1" 200 -
2025-05-08 18:28:36,784 - INFO -  * Detected change in 'C:\\xampp\\htdocs\\hijaulokauser\\verify_payment.py', reloading
2025-05-08 18:28:37,015 - INFO -  * Restarting with stat
2025-05-08 18:28:37,976 - WARNING -  * Debugger is active!
2025-05-08 18:28:37,981 - INFO -  * Debugger PIN: 669-873-542
2025-05-08 18:29:40,005 - INFO -  * Detected change in 'C:\\xampp\\htdocs\\hijaulokauser\\verify_payment.py', reloading
2025-05-08 18:29:40,081 - INFO -  * Restarting with stat
2025-05-08 18:29:40,755 - WARNING -  * Debugger is active!
2025-05-08 18:29:40,761 - INFO -  * Debugger PIN: 669-873-542
2025-05-08 18:29:47,895 - INFO -  * Detected change in 'C:\\xampp\\htdocs\\hijaulokauser\\verify_payment.py', reloading
2025-05-08 18:29:47,980 - INFO -  * Restarting with stat
2025-05-08 18:29:48,645 - WARNING -  * Debugger is active!
2025-05-08 18:29:48,652 - INFO -  * Debugger PIN: 669-873-542
2025-05-08 18:32:41,428 - INFO - 127.0.0.1 - - [08/May/2025 18:32:41] "OPTIONS /verify-payment HTTP/1.1" 200 -
2025-05-08 18:32:41,694 - INFO - Starting payment proof verification
2025-05-08 18:32:42,078 - ERROR - Error in payment proof detection: C:\Program Files\Tesseract-OCR\tesseract.exe is not installed or it's not in your PATH. See README file for more information.
2025-05-08 18:32:42,086 - INFO - Payment not verified, saved for review: unverified_payment_1746703962.jpg
2025-05-08 18:32:42,087 - INFO - 127.0.0.1 - - [08/May/2025 18:32:42] "POST /verify-payment HTTP/1.1" 200 -
2025-05-08 18:32:57,510 - INFO - 127.0.0.1 - - [08/May/2025 18:32:57] "OPTIONS /verify-payment HTTP/1.1" 200 -
2025-05-08 18:32:57,775 - INFO - Starting payment proof verification
2025-05-08 18:32:58,057 - ERROR - Error in payment proof detection: C:\Program Files\Tesseract-OCR\tesseract.exe is not installed or it's not in your PATH. See README file for more information.
2025-05-08 18:32:58,061 - INFO - Payment not verified, saved for review: unverified_payment_1746703978.jpg
2025-05-08 18:32:58,062 - INFO - 127.0.0.1 - - [08/May/2025 18:32:58] "POST /verify-payment HTTP/1.1" 200 -
2025-05-08 18:33:10,871 - INFO - 127.0.0.1 - - [08/May/2025 18:33:10] "OPTIONS /verify-payment HTTP/1.1" 200 -
2025-05-08 18:33:11,122 - INFO - Starting payment proof verification
2025-05-08 18:33:11,408 - ERROR - Error in payment proof detection: C:\Program Files\Tesseract-OCR\tesseract.exe is not installed or it's not in your PATH. See README file for more information.
2025-05-08 18:33:11,412 - INFO - Payment not verified, saved for review: unverified_payment_1746703991.jpg
2025-05-08 18:33:11,413 - INFO - 127.0.0.1 - - [08/May/2025 18:33:11] "POST /verify-payment HTTP/1.1" 200 -
2025-05-08 18:36:23,622 - INFO -  * Detected change in 'C:\\xampp\\htdocs\\hijaulokauser\\verify_payment.py', reloading
2025-05-08 18:36:23,894 - INFO -  * Restarting with stat
2025-05-08 18:36:24,922 - WARNING -  * Debugger is active!
2025-05-08 18:36:24,929 - INFO -  * Debugger PIN: 669-873-542
2025-05-08 18:36:26,994 - INFO -  * Detected change in 'C:\\xampp\\htdocs\\hijaulokauser\\verify_payment.py', reloading
2025-05-08 18:36:27,078 - INFO -  * Restarting with stat
2025-05-08 18:36:27,718 - WARNING -  * Debugger is active!
2025-05-08 18:36:27,723 - INFO -  * Debugger PIN: 669-873-542
2025-05-08 18:38:38,037 - INFO - 127.0.0.1 - - [08/May/2025 18:38:38] "OPTIONS /verify-payment HTTP/1.1" 200 -
2025-05-08 18:38:38,300 - INFO - Starting payment proof verification
2025-05-08 18:38:38,759 - ERROR - Error in payment proof detection: C:\Program Files\Tesseract-OCR\tesseract.exe is not installed or it's not in your PATH. See README file for more information.
2025-05-08 18:38:38,767 - INFO - Payment not verified, saved for review: unverified_payment_1746704318.jpg
2025-05-08 18:38:38,769 - INFO - 127.0.0.1 - - [08/May/2025 18:38:38] "POST /verify-payment HTTP/1.1" 200 -
2025-05-08 18:39:42,571 - INFO - 127.0.0.1 - - [08/May/2025 18:39:42] "OPTIONS /verify-payment HTTP/1.1" 200 -
2025-05-08 18:39:42,839 - INFO - Starting payment proof verification
2025-05-08 18:39:43,141 - ERROR - Error in payment proof detection: C:\Program Files\Tesseract-OCR\tesseract.exe is not installed or it's not in your PATH. See README file for more information.
2025-05-08 18:39:43,146 - INFO - Payment not verified, saved for review: unverified_payment_1746704383.jpg
2025-05-08 18:39:43,147 - INFO - 127.0.0.1 - - [08/May/2025 18:39:43] "POST /verify-payment HTTP/1.1" 200 -
2025-05-08 18:40:56,174 - INFO - 127.0.0.1 - - [08/May/2025 18:40:56] "OPTIONS /verify-payment HTTP/1.1" 200 -
2025-05-08 18:40:56,442 - INFO - Starting payment proof verification
2025-05-08 18:40:56,729 - ERROR - Error in payment proof detection: C:\Program Files\Tesseract-OCR\tesseract.exe is not installed or it's not in your PATH. See README file for more information.
2025-05-08 18:40:56,734 - INFO - Payment not verified, saved for review: unverified_payment_1746704456.jpg
2025-05-08 18:40:56,734 - INFO - 127.0.0.1 - - [08/May/2025 18:40:56] "POST /verify-payment HTTP/1.1" 200 -
2025-05-08 18:41:14,254 - INFO -  * Detected change in 'C:\\xampp\\htdocs\\hijaulokauser\\verify_payment.py', reloading
2025-05-08 18:41:14,549 - INFO -  * Restarting with stat
2025-05-08 18:41:15,896 - WARNING -  * Debugger is active!
2025-05-08 18:41:15,901 - INFO -  * Debugger PIN: 669-873-542
2025-05-08 18:41:32,679 - INFO - 127.0.0.1 - - [08/May/2025 18:41:32] "OPTIONS /verify-payment HTTP/1.1" 200 -
2025-05-08 18:41:33,234 - ERROR - Error in payment proof detection: C:\Program Files\Tesseract-OCR\tesseract.exe is not installed or it's not in your PATH. See README file for more information.
2025-05-08 18:41:33,239 - INFO - Payment not verified, saved for review: unverified_payment_1746704493.jpg
2025-05-08 18:41:33,240 - INFO - 127.0.0.1 - - [08/May/2025 18:41:33] "POST /verify-payment HTTP/1.1" 200 -
2025-05-08 18:42:19,911 - INFO -  * Detected change in 'C:\\xampp\\htdocs\\hijaulokauser\\verify_payment.py', reloading
2025-05-08 18:42:20,031 - INFO -  * Restarting with stat
2025-05-08 18:42:20,689 - WARNING -  * Debugger is active!
2025-05-08 18:42:20,696 - INFO -  * Debugger PIN: 669-873-542
2025-05-08 18:42:34,956 - INFO -  * Detected change in 'C:\\xampp\\htdocs\\hijaulokauser\\verify_payment.py', reloading
2025-05-08 18:42:35,051 - INFO -  * Restarting with stat
2025-05-08 18:42:35,719 - WARNING -  * Debugger is active!
2025-05-08 18:42:35,723 - INFO -  * Debugger PIN: 669-873-542
2025-05-08 18:42:55,191 - INFO - 127.0.0.1 - - [08/May/2025 18:42:55] "OPTIONS /verify-payment HTTP/1.1" 200 -
2025-05-08 18:42:55,726 - ERROR - Error in payment proof detection: C:\Program Files\Tesseract-OCR\tesseract.exe is not installed or it's not in your PATH. See README file for more information.
2025-05-08 18:42:55,731 - INFO - Payment not verified, saved for review: unverified_payment_1746704575.jpg
2025-05-08 18:42:55,732 - INFO - 127.0.0.1 - - [08/May/2025 18:42:55] "POST /verify-payment HTTP/1.1" 200 -
2025-05-08 18:43:22,142 - INFO - 127.0.0.1 - - [08/May/2025 18:43:22] "OPTIONS /verify-payment HTTP/1.1" 200 -
2025-05-08 18:43:22,656 - ERROR - Error in payment proof detection: C:\Program Files\Tesseract-OCR\tesseract.exe is not installed or it's not in your PATH. See README file for more information.
2025-05-08 18:43:22,660 - INFO - Payment not verified, saved for review: unverified_payment_1746704602.jpg
2025-05-08 18:43:22,661 - INFO - 127.0.0.1 - - [08/May/2025 18:43:22] "POST /verify-payment HTTP/1.1" 200 -
2025-05-08 18:43:42,597 - INFO - 127.0.0.1 - - [08/May/2025 18:43:42] "OPTIONS /verify-payment HTTP/1.1" 200 -
2025-05-08 18:43:43,084 - ERROR - Error in payment proof detection: C:\Program Files\Tesseract-OCR\tesseract.exe is not installed or it's not in your PATH. See README file for more information.
2025-05-08 18:43:43,088 - INFO - Payment not verified, saved for review: unverified_payment_1746704623.jpg
2025-05-08 18:43:43,090 - INFO - 127.0.0.1 - - [08/May/2025 18:43:43] "POST /verify-payment HTTP/1.1" 200 -
2025-05-08 18:43:52,595 - INFO - 127.0.0.1 - - [08/May/2025 18:43:52] "OPTIONS /verify-payment HTTP/1.1" 200 -
2025-05-08 18:43:53,115 - ERROR - Error in payment proof detection: C:\Program Files\Tesseract-OCR\tesseract.exe is not installed or it's not in your PATH. See README file for more information.
2025-05-08 18:43:53,120 - INFO - Payment not verified, saved for review: unverified_payment_1746704633.jpg
2025-05-08 18:43:53,121 - INFO - 127.0.0.1 - - [08/May/2025 18:43:53] "POST /verify-payment HTTP/1.1" 200 -
2025-05-08 18:44:05,622 - INFO - 127.0.0.1 - - [08/May/2025 18:44:05] "OPTIONS /verify-payment HTTP/1.1" 200 -
2025-05-08 18:44:06,108 - ERROR - Error in payment proof detection: C:\Program Files\Tesseract-OCR\tesseract.exe is not installed or it's not in your PATH. See README file for more information.
2025-05-08 18:44:06,112 - INFO - Payment not verified, saved for review: unverified_payment_1746704646.jpg
2025-05-08 18:44:06,113 - INFO - 127.0.0.1 - - [08/May/2025 18:44:06] "POST /verify-payment HTTP/1.1" 200 -
2025-05-08 18:45:42,861 - INFO -  * Detected change in 'C:\\xampp\\htdocs\\hijaulokauser\\verify_payment.py', reloading
2025-05-08 18:45:42,981 - INFO -  * Restarting with stat
2025-05-08 18:45:43,759 - WARNING -  * Debugger is active!
2025-05-08 18:45:43,766 - INFO -  * Debugger PIN: 669-873-542
2025-05-08 18:46:09,209 - INFO -  * Detected change in 'C:\\xampp\\htdocs\\hijaulokauser\\verify_payment.py', reloading
2025-05-08 18:46:09,302 - INFO -  * Restarting with stat
2025-05-08 18:46:09,938 - WARNING -  * Debugger is active!
2025-05-08 18:46:09,942 - INFO -  * Debugger PIN: 669-873-542
2025-05-08 18:46:17,390 - INFO - 127.0.0.1 - - [08/May/2025 18:46:17] "OPTIONS /verify-payment HTTP/1.1" 200 -
2025-05-08 18:46:17,897 - ERROR - Error in payment proof detection: C:\Program Files\Tesseract-OCR\tesseract.exe is not installed or it's not in your PATH. See README file for more information.
2025-05-08 18:46:17,900 - INFO - Payment not verified, saved for review: unverified_payment_1746704777.jpg
2025-05-08 18:46:17,901 - INFO - 127.0.0.1 - - [08/May/2025 18:46:17] "POST /verify-payment HTTP/1.1" 200 -
2025-05-08 18:47:01,845 - INFO -  * Detected change in 'C:\\xampp\\htdocs\\hijaulokauser\\verify_payment.py', reloading
2025-05-08 18:47:01,939 - INFO -  * Restarting with stat
2025-05-08 18:47:02,572 - WARNING -  * Debugger is active!
2025-05-08 18:47:02,577 - INFO -  * Debugger PIN: 669-873-542
2025-05-08 18:47:03,611 - INFO -  * Detected change in 'C:\\xampp\\htdocs\\hijaulokauser\\verify_payment.py', reloading
2025-05-08 18:47:03,695 - INFO -  * Restarting with stat
2025-05-08 18:47:04,294 - WARNING -  * Debugger is active!
2025-05-08 18:47:04,298 - INFO -  * Debugger PIN: 669-873-542
2025-05-08 19:05:18,388 - INFO -  * Detected change in 'C:\\xampp\\htdocs\\hijaulokauser\\verify_payment.py', reloading
2025-05-08 19:05:18,707 - INFO -  * Restarting with stat
2025-05-08 19:05:20,051 - WARNING -  * Debugger is active!
2025-05-08 19:05:20,059 - INFO -  * Debugger PIN: 669-873-542
2025-05-08 19:24:35,918 - INFO - [31m[1mWARNING: This is a development server. Do not use it in a production deployment. Use a production WSGI server instead.[0m
 * Running on http://127.0.0.1:5000
2025-05-08 19:24:35,920 - INFO - [33mPress CTRL+C to quit[0m
2025-05-08 19:24:35,922 - INFO -  * Restarting with stat
2025-05-08 19:24:36,482 - WARNING -  * Debugger is active!
2025-05-08 19:24:36,486 - INFO -  * Debugger PIN: 669-873-542
2025-05-08 19:25:27,829 - INFO - 127.0.0.1 - - [08/May/2025 19:25:27] "OPTIONS /verify-payment HTTP/1.1" 200 -
2025-05-08 19:25:29,342 - INFO - OCR: wee | ie ; @oana 7 oe lrn t
ere a ferns se gd voce ea” pret wets
bebe se or noss oe es ge ee
eta tea es

2025-05-08 19:25:29,342 - INFO - keyword_found: False, valid: False
2025-05-08 19:25:29,350 - INFO - Payment not verified, saved for review: unverified_payment_1746707129.jpg
2025-05-08 19:25:29,351 - INFO - 127.0.0.1 - - [08/May/2025 19:25:29] "POST /verify-payment HTTP/1.1" 200 -
2025-05-08 19:26:11,325 - INFO -  * Detected change in 'C:\\xampp\\htdocs\\hijaulokauser\\verify_payment.py', reloading
2025-05-08 19:26:11,533 - INFO -  * Restarting with stat
2025-05-08 19:26:12,302 - WARNING -  * Debugger is active!
2025-05-08 19:26:12,306 - INFO -  * Debugger PIN: 669-873-542
2025-05-08 19:26:16,389 - INFO -  * Detected change in 'C:\\xampp\\htdocs\\hijaulokauser\\verify_payment.py', reloading
2025-05-08 19:26:16,475 - INFO -  * Restarting with stat
2025-05-08 19:26:17,146 - WARNING -  * Debugger is active!
2025-05-08 19:26:17,149 - INFO -  * Debugger PIN: 669-873-542
2025-05-08 19:26:42,361 - INFO - 127.0.0.1 - - [08/May/2025 19:26:42] "OPTIONS /verify-payment HTTP/1.1" 200 -
2025-05-08 19:26:43,829 - INFO - OCR Text: pe ee a aa 3 ay sa re eae
kg als "ocana.... ip: aan
ma nana 5 ae. | pate a ves ee eee bees
do ce > ae wer aa ee
kl i spo 4 basis ng | beret arial
beery | tak py of ad na

2025-05-08 19:26:43,830 - INFO - Keywords found: []
2025-05-08 19:26:43,830 - INFO - Valid: False
2025-05-08 19:26:43,839 - INFO - Payment not verified, saved for review: unverified_payment_1746707203.jpg
2025-05-08 19:26:43,840 - INFO - 127.0.0.1 - - [08/May/2025 19:26:43] "POST /verify-payment HTTP/1.1" 200 -
2025-05-08 19:30:49,760 - INFO -  * Detected change in 'C:\\xampp\\htdocs\\hijaulokauser\\verify_payment.py', reloading
2025-05-08 19:30:50,012 - INFO -  * Restarting with stat
2025-05-08 19:30:50,692 - WARNING -  * Debugger is active!
2025-05-08 19:30:50,695 - INFO -  * Debugger PIN: 669-873-542
2025-05-08 19:34:35,475 - INFO -  * Detected change in 'C:\\xampp\\htdocs\\hijaulokauser\\verify_payment.py', reloading
2025-05-08 19:34:35,576 - INFO -  * Restarting with stat
2025-05-08 19:34:36,248 - WARNING -  * Debugger is active!
2025-05-08 19:34:36,252 - INFO -  * Debugger PIN: 669-873-542
2025-05-08 19:35:20,645 - INFO - 127.0.0.1 - - [08/May/2025 19:35:20] "OPTIONS /verify-payment HTTP/1.1" 200 -
2025-05-08 19:35:22,121 - INFO - OCR Text: maha bet te seana | omt ; pa ers
pel oa men py pen
kan is daur ga lam pa pan ar
maier nya da en a para
ng 1

2025-05-08 19:35:22,122 - INFO - blue_ratio: 0.113, has_dana: False, valid: False
2025-05-08 19:35:22,134 - INFO - Payment not verified, saved for review: unverified_payment_1746707722.jpg
2025-05-08 19:35:22,135 - INFO - 127.0.0.1 - - [08/May/2025 19:35:22] "POST /verify-payment HTTP/1.1" 200 -
2025-05-08 19:35:48,054 - INFO - 127.0.0.1 - - [08/May/2025 19:35:48] "OPTIONS /verify-payment HTTP/1.1" 200 -
2025-05-08 19:35:49,510 - INFO - OCR Text: = soleo ss
<4
oo oo oa
tap pp ana
= =
see. sn. ae
mee srancane sarna —
set erre es wo 008 ma anatrianayan - =
tea ss np aecaee]
ea mean dao dana
ge = werrans
os a lag
seb oo per an
eon dana oatsisaanzse
sarg ree ee ia buta peri
aa - k2 kaden
‘(sto santuane
= s =

2025-05-08 19:35:49,510 - INFO - blue_ratio: 0.163, has_dana: True, valid: True
2025-05-08 19:35:49,514 - INFO - Saved verified payment proof: verified_payment_1746707749.jpg
2025-05-08 19:35:49,515 - INFO - Payment verified and saved: verified_payment_1746707749.jpg
2025-05-08 19:35:49,516 - INFO - 127.0.0.1 - - [08/May/2025 19:35:49] "POST /verify-payment HTTP/1.1" 200 -
2025-05-08 19:36:20,512 - INFO - 127.0.0.1 - - [08/May/2025 19:36:20] "OPTIONS /verify-payment HTTP/1.1" 200 -
2025-05-08 19:36:21,777 - INFO - OCR Text: fae sc eee loses cet h, wor we srey tag
kanan a sao ione 1 | 3 rye j bea
pet a pe uy fh oe — wale maan tan
be era list, pn se pee me
ge na anak " sad (kaan sa bada

2025-05-08 19:36:21,777 - INFO - blue_ratio: 0.096, has_dana: False, valid: False
2025-05-08 19:36:21,782 - INFO - Payment not verified, saved for review: unverified_payment_1746707781.jpg
2025-05-08 19:36:21,783 - INFO - 127.0.0.1 - - [08/May/2025 19:36:21] "POST /verify-payment HTTP/1.1" 200 -
2025-05-08 19:36:33,902 - INFO - 127.0.0.1 - - [08/May/2025 19:36:33] "OPTIONS /verify-payment HTTP/1.1" 200 -
2025-05-08 19:36:34,983 - INFO - OCR Text: neo ca aa ia pores
ae ana ben ma | ers oh ger ki
ply ee ena ae en cee

2025-05-08 19:36:34,983 - INFO - blue_ratio: 0.118, has_dana: False, valid: False
2025-05-08 19:36:34,988 - INFO - Payment not verified, saved for review: unverified_payment_1746707794.jpg
2025-05-08 19:36:34,989 - INFO - 127.0.0.1 - - [08/May/2025 19:36:34] "POST /verify-payment HTTP/1.1" 200 -
2025-05-08 19:36:48,661 - INFO - 127.0.0.1 - - [08/May/2025 19:36:48] "OPTIONS /verify-payment HTTP/1.1" 200 -
2025-05-08 19:36:49,758 - INFO - OCR Text: an aa pee ay
ey eer eater: talas s| ome py yaa
a ae sk nh oy | se sad ges

2025-05-08 19:36:49,758 - INFO - blue_ratio: 0.107, has_dana: False, valid: False
2025-05-08 19:36:49,764 - INFO - Payment not verified, saved for review: unverified_payment_1746707809.jpg
2025-05-08 19:36:49,765 - INFO - 127.0.0.1 - - [08/May/2025 19:36:49] "POST /verify-payment HTTP/1.1" 200 -
2025-05-08 19:36:57,982 - INFO - 127.0.0.1 - - [08/May/2025 19:36:57] "OPTIONS /verify-payment HTTP/1.1" 200 -
2025-05-08 19:36:59,049 - INFO - OCR Text: ma tis ua ag gunn wc ery
pp tee gece ae wy se
oie pyne ay gass mn ea po

2025-05-08 19:36:59,049 - INFO - blue_ratio: 0.122, has_dana: False, valid: False
2025-05-08 19:36:59,055 - INFO - Payment not verified, saved for review: unverified_payment_1746707819.jpg
2025-05-08 19:36:59,056 - INFO - 127.0.0.1 - - [08/May/2025 19:36:59] "POST /verify-payment HTTP/1.1" 200 -
2025-05-08 19:37:13,049 - INFO - 127.0.0.1 - - [08/May/2025 19:37:13] "OPTIONS /verify-payment HTTP/1.1" 200 -
2025-05-08 19:37:14,143 - INFO - OCR Text: wipe sa tse ta at ina an ih a a ee oe
eae eo eines s| poe es | eee
peed ar aaa ge woe ap

2025-05-08 19:37:14,143 - INFO - blue_ratio: 0.228, has_dana: False, valid: False
2025-05-08 19:37:14,147 - INFO - Payment not verified, saved for review: unverified_payment_1746707834.jpg
2025-05-08 19:37:14,148 - INFO - 127.0.0.1 - - [08/May/2025 19:37:14] "POST /verify-payment HTTP/1.1" 200 -
2025-05-08 19:37:29,626 - INFO - 127.0.0.1 - - [08/May/2025 19:37:29] "OPTIONS /verify-payment HTTP/1.1" 200 -
2025-05-08 19:37:31,013 - INFO - OCR Text: be es ey 23 pat. epen heat hoe
a anta pa kai oo : dana sn bea
en wa un egg
pty aga utaa varun” ef vagina caine bd pe sea
yt nan pa omi ben pgri.
ee em sar bs oe sak econ aa oa she er sk irae
oee esb dn da abr se at pp taka a doone

2025-05-08 19:37:31,013 - INFO - blue_ratio: 0.337, has_dana: True, valid: True
2025-05-08 19:37:31,020 - INFO - Saved verified payment proof: verified_payment_1746707851.jpg
2025-05-08 19:37:31,020 - INFO - Payment verified and saved: verified_payment_1746707851.jpg
2025-05-08 19:37:31,021 - INFO - 127.0.0.1 - - [08/May/2025 19:37:31] "POST /verify-payment HTTP/1.1" 200 -
2025-05-08 19:37:45,333 - INFO - 127.0.0.1 - - [08/May/2025 19:37:45] "OPTIONS /verify-payment HTTP/1.1" 200 -
2025-05-08 19:37:46,600 - INFO - OCR Text: . wee an re!
dagang ots bye pa an mere aa ai sl umy
man ens og eens fg one tad cd pes
we geo eaenmo0 8 hse k
spe ae os ays ana: . kan
sen ey soe esrb abon bb sega ni

2025-05-08 19:37:46,600 - INFO - blue_ratio: 0.287, has_dana: False, valid: False
2025-05-08 19:37:46,604 - INFO - Payment not verified, saved for review: unverified_payment_1746707866.jpg
2025-05-08 19:37:46,606 - INFO - 127.0.0.1 - - [08/May/2025 19:37:46] "POST /verify-payment HTTP/1.1" 200 -
2025-05-08 19:37:54,218 - INFO - 127.0.0.1 - - [08/May/2025 19:37:54] "OPTIONS /verify-payment HTTP/1.1" 200 -
2025-05-08 19:37:55,413 - INFO - OCR Text: merk odana. ea un
pena es by oye oe we me ani
pe panen math sa oemar oe, peer es

2025-05-08 19:37:55,413 - INFO - blue_ratio: 0.139, has_dana: True, valid: True
2025-05-08 19:37:55,420 - INFO - Saved verified payment proof: verified_payment_1746707875.jpg
2025-05-08 19:37:55,421 - INFO - Payment verified and saved: verified_payment_1746707875.jpg
2025-05-08 19:37:55,422 - INFO - 127.0.0.1 - - [08/May/2025 19:37:55] "POST /verify-payment HTTP/1.1" 200 -
2025-05-08 19:38:27,852 - INFO - 127.0.0.1 - - [08/May/2025 19:38:27] "OPTIONS /verify-payment HTTP/1.1" 200 -
2025-05-08 19:38:29,007 - INFO - OCR Text: here n rs | ae pen gass
sare na ry eal tree, ba ma lada
pe ai oe daa ee se nn be kan nara

2025-05-08 19:38:29,007 - INFO - blue_ratio: 0.120, has_dana: False, valid: False
2025-05-08 19:38:29,014 - INFO - Payment not verified, saved for review: unverified_payment_1746707909.jpg
2025-05-08 19:38:29,015 - INFO - 127.0.0.1 - - [08/May/2025 19:38:29] "POST /verify-payment HTTP/1.1" 200 -
2025-05-08 19:38:38,634 - INFO - 127.0.0.1 - - [08/May/2025 19:38:38] "OPTIONS /verify-payment HTTP/1.1" 200 -
2025-05-08 19:38:39,635 - INFO - OCR Text: ng sela an ena
opera aa ya min ene a see eee

2025-05-08 19:38:39,635 - INFO - blue_ratio: 0.191, has_dana: False, valid: False
2025-05-08 19:38:39,640 - INFO - Payment not verified, saved for review: unverified_payment_1746707919.jpg
2025-05-08 19:38:39,641 - INFO - 127.0.0.1 - - [08/May/2025 19:38:39] "POST /verify-payment HTTP/1.1" 200 -
2025-05-08 19:38:53,922 - INFO - 127.0.0.1 - - [08/May/2025 19:38:53] "OPTIONS /verify-payment HTTP/1.1" 200 -
2025-05-08 19:38:55,201 - INFO - OCR Text: tn eta ‘ceo q tem ins ee
spake nag | 3 @pana al tl ees men
gy se ad pena || penerbit || kapan
heat atap i’ ; + aula emo sin 3 am £ eee
bean ey ff tandan lah aps fa yf anes
ee yat oo jf irene sau mp

2025-05-08 19:38:55,201 - INFO - blue_ratio: 0.288, has_dana: False, valid: False
2025-05-08 19:38:55,207 - INFO - Payment not verified, saved for review: unverified_payment_1746707935.jpg
2025-05-08 19:38:55,208 - INFO - 127.0.0.1 - - [08/May/2025 19:38:55] "POST /verify-payment HTTP/1.1" 200 -
2025-05-08 19:39:08,658 - INFO - 127.0.0.1 - - [08/May/2025 19:39:08] "OPTIONS /verify-payment HTTP/1.1" 200 -
2025-05-08 19:39:09,770 - INFO - OCR Text: rep re pn car ee ee
af pe nee iw en ana seach ss
a rie iy ences stot suse
an asah aly as pes lee

2025-05-08 19:39:09,770 - INFO - blue_ratio: 0.141, has_dana: False, valid: False
2025-05-08 19:39:09,774 - INFO - Payment not verified, saved for review: unverified_payment_1746707949.jpg
2025-05-08 19:39:09,775 - INFO - 127.0.0.1 - - [08/May/2025 19:39:09] "POST /verify-payment HTTP/1.1" 200 -
2025-05-08 19:39:31,643 - INFO - 127.0.0.1 - - [08/May/2025 19:39:31] "OPTIONS /verify-payment HTTP/1.1" 200 -
2025-05-08 19:39:32,884 - INFO - OCR Text: kan ega ia ag eat bima ss
fe aals es ana das san on samaria cs pints su
fe ml or ae nn sa 2 tea raga ban se

2025-05-08 19:39:32,884 - INFO - blue_ratio: 0.222, has_dana: False, valid: False
2025-05-08 19:39:32,892 - INFO - Payment not verified, saved for review: unverified_payment_1746707972.jpg
2025-05-08 19:39:32,893 - INFO - 127.0.0.1 - - [08/May/2025 19:39:32] "POST /verify-payment HTTP/1.1" 200 -
2025-05-08 19:39:44,511 - INFO - 127.0.0.1 - - [08/May/2025 19:39:44] "OPTIONS /verify-payment HTTP/1.1" 200 -
2025-05-08 19:39:45,698 - INFO - OCR Text: wee ban oe
aver cee leis vee f5 pa | lan oe
er an. a qpana. kon 5
berkenaan ya sa sa na bah hg
peang bb ani to noni : ea ag

2025-05-08 19:39:45,698 - INFO - blue_ratio: 0.274, has_dana: False, valid: False
2025-05-08 19:39:45,703 - INFO - Payment not verified, saved for review: unverified_payment_1746707985.jpg
2025-05-08 19:39:45,704 - INFO - 127.0.0.1 - - [08/May/2025 19:39:45] "POST /verify-payment HTTP/1.1" 200 -
2025-05-08 19:39:53,520 - INFO - 127.0.0.1 - - [08/May/2025 19:39:53] "OPTIONS /verify-payment HTTP/1.1" 200 -
2025-05-08 19:39:54,860 - INFO - OCR Text: \ (se yam 0 tl an em ba
ees cas ana oovanas [reser ks
ban bbi ete an na ere hp
is ae ual un ra rete) ena [bpe oe on rae
bana et rye pere un i i nitrite suren by te peek to
re bangun em mina” een br sen en

2025-05-08 19:39:54,861 - INFO - blue_ratio: 0.117, has_dana: False, valid: False
2025-05-08 19:39:54,865 - INFO - Payment not verified, saved for review: unverified_payment_1746707994.jpg
2025-05-08 19:39:54,866 - INFO - 127.0.0.1 - - [08/May/2025 19:39:54] "POST /verify-payment HTTP/1.1" 200 -
2025-05-08 19:40:15,954 - INFO - 127.0.0.1 - - [08/May/2025 19:40:15] "OPTIONS /verify-payment HTTP/1.1" 200 -
2025-05-08 19:40:17,249 - INFO - OCR Text: sen kes eo free ns, ke an re eee eec
doe, do. a id aa an foe par oars
* : eo a ty p a 1g vite pen ber rr
uang aa qoana tai eee
‘sor rse ton ta mapan ennne na na boga kn kpa lain

2025-05-08 19:40:17,249 - INFO - blue_ratio: 0.130, has_dana: False, valid: False
2025-05-08 19:40:17,253 - INFO - Payment not verified, saved for review: unverified_payment_1746708017.jpg
2025-05-08 19:40:17,254 - INFO - 127.0.0.1 - - [08/May/2025 19:40:17] "POST /verify-payment HTTP/1.1" 200 -
2025-05-08 19:40:26,247 - INFO - 127.0.0.1 - - [08/May/2025 19:40:26] "OPTIONS /verify-payment HTTP/1.1" 200 -
2025-05-08 19:40:27,803 - INFO - OCR Text: pr pan ra nn pena heran)
aa kana (an kenek pee
be rea gan wy ha oe sndandsa gp sh

are nrel ctf ny meucaansr ea ¢ nlp labor onap8ee, | sues
pity epee tee oe he cc “7 ees oy bess
pa ly ae ea 2 yarn uarig rp27.000 he des armella stoo |“, bfe dane
gee ae ey ov oe, tuzaienrsea7 ma us pakuan
ap ng ah la semula he ae rp37 0001 "3 os

2025-05-08 19:40:27,804 - INFO - blue_ratio: 0.306, has_dana: False, valid: False
2025-05-08 19:40:27,812 - INFO - Payment not verified, saved for review: unverified_payment_1746708027.jpg
2025-05-08 19:40:27,813 - INFO - 127.0.0.1 - - [08/May/2025 19:40:27] "POST /verify-payment HTTP/1.1" 200 -
2025-05-08 19:40:36,896 - INFO - 127.0.0.1 - - [08/May/2025 19:40:36] "OPTIONS /verify-payment HTTP/1.1" 200 -
2025-05-08 19:40:38,142 - INFO - OCR Text: be me doses fa eeeoo 0! ena yy gi
ee alle qvana ed |: peek cs
semen tight enon eta bo se
emal maite ce german nae ban rrm mu pn
p0 ae sen ng ja en "et 4 ea

2025-05-08 19:40:38,143 - INFO - blue_ratio: 0.125, has_dana: False, valid: False
2025-05-08 19:40:38,148 - INFO - Payment not verified, saved for review: unverified_payment_1746708038.jpg
2025-05-08 19:40:38,149 - INFO - 127.0.0.1 - - [08/May/2025 19:40:38] "POST /verify-payment HTTP/1.1" 200 -
2025-05-08 19:40:54,429 - INFO - 127.0.0.1 - - [08/May/2025 19:40:54] "OPTIONS /verify-payment HTTP/1.1" 200 -
2025-05-08 19:40:55,550 - INFO - OCR Text: | boe oe 3 goa “ia sa lah
nat era sm ny fy het ee oe
haru vee a) beni fe sees
pe ea eni!

2025-05-08 19:40:55,550 - INFO - blue_ratio: 0.101, has_dana: False, valid: False
2025-05-08 19:40:55,555 - INFO - Payment not verified, saved for review: unverified_payment_1746708055.jpg
2025-05-08 19:40:55,556 - INFO - 127.0.0.1 - - [08/May/2025 19:40:55] "POST /verify-payment HTTP/1.1" 200 -
2025-05-08 19:41:53,519 - INFO -  * Detected change in 'C:\\xampp\\htdocs\\hijaulokauser\\verify_payment.py', reloading
2025-05-08 19:41:53,792 - INFO -  * Restarting with stat
2025-05-08 19:41:54,947 - WARNING -  * Debugger is active!
2025-05-08 19:41:54,956 - INFO -  * Debugger PIN: 669-873-542
2025-05-08 19:41:59,076 - INFO -  * Detected change in 'C:\\xampp\\htdocs\\hijaulokauser\\verify_payment.py', reloading
2025-05-08 19:41:59,205 - INFO -  * Restarting with stat
2025-05-08 19:42:00,181 - WARNING -  * Debugger is active!
2025-05-08 19:42:00,187 - INFO -  * Debugger PIN: 669-873-542
2025-05-08 19:42:03,768 - INFO - 127.0.0.1 - - [08/May/2025 19:42:03] "OPTIONS /verify-payment HTTP/1.1" 200 -
2025-05-08 19:42:05,013 - INFO - OCR Text: nn ep es be he be wh bnn 2 ah sats oe a sang
pu lege ea kanan «5 . rea

2025-05-08 19:42:05,013 - INFO - blue_ratio: 0.292, has_dana: False, valid: False
2025-05-08 19:42:05,022 - INFO - Payment not verified, saved for review: unverified_payment_1746708125.jpg
2025-05-08 19:42:05,023 - INFO - 127.0.0.1 - - [08/May/2025 19:42:05] "POST /verify-payment HTTP/1.1" 200 -
2025-05-08 19:43:19,260 - INFO - 127.0.0.1 - - [08/May/2025 19:43:19] "OPTIONS /verify-payment HTTP/1.1" 200 -
2025-05-08 19:43:20,408 - INFO - OCR Text: ben pa ad x mla rs sp ea ee 4 pie jang os ne
lan bt meet ee ln pain ps mana
peranan gages see a aan

2025-05-08 19:43:20,408 - INFO - blue_ratio: 0.242, has_dana: False, valid: False
2025-05-08 19:43:20,412 - INFO - Payment not verified, saved for review: unverified_payment_1746708200.jpg
2025-05-08 19:43:20,413 - INFO - 127.0.0.1 - - [08/May/2025 19:43:20] "POST /verify-payment HTTP/1.1" 200 -
2025-05-08 19:43:32,648 - INFO - 127.0.0.1 - - [08/May/2025 19:43:32] "OPTIONS /verify-payment HTTP/1.1" 200 -
2025-05-08 19:43:33,758 - INFO - OCR Text: na an
ave osm gd a  na rr ae
peace tan kena tia om aes cea aes
lsnd sos ne dah rees pho as

2025-05-08 19:43:33,758 - INFO - blue_ratio: 0.110, has_dana: False, valid: False
2025-05-08 19:43:33,763 - INFO - Payment not verified, saved for review: unverified_payment_1746708213.jpg
2025-05-08 19:43:33,765 - INFO - 127.0.0.1 - - [08/May/2025 19:43:33] "POST /verify-payment HTTP/1.1" 200 -
2025-05-08 19:43:56,638 - INFO - 127.0.0.1 - - [08/May/2025 19:43:56] "OPTIONS /verify-payment HTTP/1.1" 200 -
2025-05-08 19:43:57,724 - INFO - OCR Text: en ap merk ln na
meng ww bana bs oi sa peta
ea ke ko ee s

2025-05-08 19:43:57,725 - INFO - blue_ratio: 0.076, has_dana: False, valid: False
2025-05-08 19:43:57,729 - INFO - Payment not verified, saved for review: unverified_payment_1746708237.jpg
2025-05-08 19:43:57,730 - INFO - 127.0.0.1 - - [08/May/2025 19:43:57] "POST /verify-payment HTTP/1.1" 200 -
2025-05-08 19:44:12,437 - INFO - 127.0.0.1 - - [08/May/2025 19:44:12] "OPTIONS /verify-payment HTTP/1.1" 200 -
2025-05-08 19:44:14,158 - INFO - OCR Text: shes ret ss eget spa toha fee ei bana ie m
be rb tose ‘qo rein rep ah ang
gang ii . . ee irr ey ts
aaa kr nara se mg ran an pe spe my lege ane
ke pen en nan os © karan jana ; ese pen pe bani
para] ae cana cea, pole au
tr era . an ata pr ms
pen aan : eee he” bata gage pes eyes as nar

2025-05-08 19:44:14,158 - INFO - blue_ratio: 0.162, has_dana: False, valid: False
2025-05-08 19:44:14,163 - INFO - Payment not verified, saved for review: unverified_payment_1746708254.jpg
2025-05-08 19:44:14,165 - INFO - 127.0.0.1 - - [08/May/2025 19:44:14] "POST /verify-payment HTTP/1.1" 200 -
2025-05-08 19:44:27,176 - INFO - 127.0.0.1 - - [08/May/2025 19:44:27] "OPTIONS /verify-payment HTTP/1.1" 200 -
2025-05-08 19:44:28,323 - INFO - OCR Text: hasan gn ana bb sana on men
pere su @danp: pea bane
png : raat? ae aa sss bee pem ae
seekers 1 ran rca rere sana pe eget

2025-05-08 19:44:28,323 - INFO - blue_ratio: 0.117, has_dana: False, valid: False
2025-05-08 19:44:28,328 - INFO - Payment not verified, saved for review: unverified_payment_1746708268.jpg
2025-05-08 19:44:28,329 - INFO - 127.0.0.1 - - [08/May/2025 19:44:28] "POST /verify-payment HTTP/1.1" 200 -
2025-05-08 19:46:33,833 - INFO -  * Detected change in 'C:\\xampp\\htdocs\\hijaulokauser\\verify_payment.py', reloading
2025-05-08 19:46:33,949 - INFO -  * Restarting with stat
2025-05-08 19:46:34,686 - WARNING -  * Debugger is active!
2025-05-08 19:46:34,690 - INFO -  * Debugger PIN: 669-873-542
2025-05-08 19:47:11,787 - INFO - 127.0.0.1 - - [08/May/2025 19:47:11] "OPTIONS /verify-payment HTTP/1.1" 200 -
2025-05-08 19:47:13,332 - INFO - OCR Text: = soleo ss
<4
oo oo oa
tap pp ana
= =
see. sn. ae
mee srancane sarna —
set erre es wo 008 ma anatrianayan - =
tea ss np aecaee]
ea mean dao dana
ge = werrans
os a lag
seb oo per an
eon dana oatsisaanzse
sarg ree ee ia buta peri
aa - k2 kaden
‘(sto santuane
= s =

2025-05-08 19:47:13,332 - INFO - blue_ratio: 0.163, has_dana: True, valid: True
2025-05-08 19:47:13,337 - INFO - Saved verified payment proof: verified_payment_1746708433.jpg
2025-05-08 19:47:13,337 - INFO - Payment verified and saved: verified_payment_1746708433.jpg
2025-05-08 19:47:13,338 - INFO - 127.0.0.1 - - [08/May/2025 19:47:13] "POST /verify-payment HTTP/1.1" 200 -
2025-05-08 19:48:54,686 - INFO - 127.0.0.1 - - [08/May/2025 19:48:54] "OPTIONS /verify-payment HTTP/1.1" 200 -
2025-05-08 19:48:56,172 - INFO - OCR Text: = soleo ss
<4
oo oo oa
tap pp ana
= =
see. sn. ae
mee srancane sarna —
set erre es wo 008 ma anatrianayan - =
tea ss np aecaee]
ea mean dao dana
ge = werrans
os a lag
seb oo per an
eon dana oatsisaanzse
sarg ree ee ia buta peri
aa - k2 kaden
‘(sto santuane
= s =

2025-05-08 19:48:56,172 - INFO - blue_ratio: 0.163, has_dana: True, valid: True
2025-05-08 19:48:56,176 - INFO - Saved verified payment proof: verified_payment_1746708536.jpg
2025-05-08 19:48:56,176 - INFO - Payment verified and saved: verified_payment_1746708536.jpg
2025-05-08 19:48:56,177 - INFO - 127.0.0.1 - - [08/May/2025 19:48:56] "POST /verify-payment HTTP/1.1" 200 -
2025-05-08 19:49:17,461 - INFO - 127.0.0.1 - - [08/May/2025 19:49:17] "OPTIONS /verify-payment HTTP/1.1" 200 -
2025-05-08 19:49:19,097 - INFO - OCR Text: gr 2oo do le all bd
ee
or a ao
ceo bisnis
= =
sp he edi
ta sone tees ged ie cane cane sane
ee ancanagarnca
peribgynren en hanana oe _
ese teaver 5 era
motode pombayatan saras ana
abang
te
dani tamat pc ages
= ps as
—e tts
ma na ate aa = ij
lor ooo soe ov
(csd sereneanreans
———— esre_eastt

2025-05-08 19:49:19,097 - INFO - blue_ratio: 0.260, has_dana: False, valid: False
2025-05-08 19:49:19,101 - INFO - Payment not verified, saved for review: unverified_payment_1746708559.jpg
2025-05-08 19:49:19,101 - INFO - 127.0.0.1 - - [08/May/2025 19:49:19] "POST /verify-payment HTTP/1.1" 200 -
2025-05-08 19:51:22,575 - INFO -  * Detected change in 'C:\\xampp\\htdocs\\hijaulokauser\\verify_payment.py', reloading
2025-05-08 19:51:22,745 - INFO -  * Restarting with stat
2025-05-08 19:51:23,767 - WARNING -  * Debugger is active!
2025-05-08 19:51:23,774 - INFO -  * Debugger PIN: 669-873-542
2025-05-08 19:52:08,579 - INFO -  * Detected change in 'C:\\xampp\\htdocs\\hijaulokauser\\verify_payment.py', reloading
2025-05-08 19:52:08,650 - INFO -  * Restarting with stat
2025-05-08 19:52:09,291 - WARNING -  * Debugger is active!
2025-05-08 19:52:09,294 - INFO -  * Debugger PIN: 669-873-542
2025-05-08 19:52:14,603 - INFO - 127.0.0.1 - - [08/May/2025 19:52:14] "OPTIONS /verify-payment HTTP/1.1" 200 -
2025-05-08 19:52:17,248 - INFO - OCR Text: gr 2oo do le all bd
ee
or a ao
ceo bisnis
= =
sp he edi
ta sone tees ged ie cane cane sane
ee ancanagarnca
peribgynren en hanana oe _
ese teaver 5 era
motode pombayatan saras ana
abang
te
dani tamat pc ages
= ps as
—e tts
ma na ate aa = ij
lor ooo soe ov
(csd sereneanreans
———— esre_eastt

2025-05-08 19:52:17,249 - INFO - blue_ratio: 0.260, has_dana_or_bisnis: True, valid: True
2025-05-08 19:52:17,256 - INFO - Saved verified payment proof: verified_payment_1746708737.jpg
2025-05-08 19:52:17,256 - INFO - Payment verified and saved: verified_payment_1746708737.jpg
2025-05-08 19:52:17,258 - INFO - 127.0.0.1 - - [08/May/2025 19:52:17] "POST /verify-payment HTTP/1.1" 200 -
2025-05-08 19:54:21,868 - INFO - 127.0.0.1 - - [08/May/2025 19:54:21] "OPTIONS /verify-payment HTTP/1.1" 200 -
2025-05-08 19:54:22,973 - INFO - OCR Text: te na femme and san
3 efi an aap peel aa pron resa oh :
esl ose es on ote (ef be
eer ii henna na aad © daan

2025-05-08 19:54:22,974 - INFO - blue_ratio: 0.100, has_dana_or_bisnis: False, valid: False
2025-05-08 19:54:22,978 - INFO - Payment not verified, saved for review: unverified_payment_1746708862.jpg
2025-05-08 19:54:22,979 - INFO - 127.0.0.1 - - [08/May/2025 19:54:22] "POST /verify-payment HTTP/1.1" 200 -
2025-05-08 19:54:32,891 - INFO - 127.0.0.1 - - [08/May/2025 19:54:32] "OPTIONS /verify-payment HTTP/1.1" 200 -
2025-05-08 19:54:34,103 - INFO - OCR Text: rone ee 50 pone beeson
kan yasa © ng
wis eon goss oo pee bae eee
te sen ha inang amami. bme sy

2025-05-08 19:54:34,103 - INFO - blue_ratio: 0.298, has_dana_or_bisnis: False, valid: False
2025-05-08 19:54:34,107 - INFO - Payment not verified, saved for review: unverified_payment_1746708874.jpg
2025-05-08 19:54:34,108 - INFO - 127.0.0.1 - - [08/May/2025 19:54:34] "POST /verify-payment HTTP/1.1" 200 -
2025-05-08 19:54:45,431 - INFO - 127.0.0.1 - - [08/May/2025 19:54:45] "OPTIONS /verify-payment HTTP/1.1" 200 -
2025-05-08 19:54:46,539 - INFO - OCR Text: feos oe
ee an set). 0 ki ase ey
pee > lat wee ie cian tig od foe

2025-05-08 19:54:46,539 - INFO - blue_ratio: 0.135, has_dana_or_bisnis: False, valid: False
2025-05-08 19:54:46,543 - INFO - Payment not verified, saved for review: unverified_payment_1746708886.jpg
2025-05-08 19:54:46,544 - INFO - 127.0.0.1 - - [08/May/2025 19:54:46] "POST /verify-payment HTTP/1.1" 200 -
2025-05-08 19:55:03,758 - INFO - 127.0.0.1 - - [08/May/2025 19:55:03] "OPTIONS /verify-payment HTTP/1.1" 200 -
2025-05-08 19:55:05,151 - INFO - OCR Text: pe tn ee po 3 in ah
j ne este nies si mamasa 52" own ae hanan

pig tees ee pe : orang 2 dara pa nag ire mane
aan be. * wmtuyap soon dika sees sts en ae
ene ry a f non. tc fae || seu ee
pea see esr nan ketan belu na dane pana: | [pe ee

2025-05-08 19:55:05,151 - INFO - blue_ratio: 0.168, has_dana_or_bisnis: False, valid: False
2025-05-08 19:55:05,155 - INFO - Payment not verified, saved for review: unverified_payment_1746708905.jpg
2025-05-08 19:55:05,156 - INFO - 127.0.0.1 - - [08/May/2025 19:55:05] "POST /verify-payment HTTP/1.1" 200 -
2025-05-08 19:55:13,955 - INFO - 127.0.0.1 - - [08/May/2025 19:55:13] "OPTIONS /verify-payment HTTP/1.1" 200 -
2025-05-08 19:55:14,944 - INFO - OCR Text: ee ie be » ka - we : akh ngs
kt awam... pe

2025-05-08 19:55:14,944 - INFO - blue_ratio: 0.166, has_dana_or_bisnis: False, valid: False
2025-05-08 19:55:14,948 - INFO - Payment not verified, saved for review: unverified_payment_1746708914.jpg
2025-05-08 19:55:14,949 - INFO - 127.0.0.1 - - [08/May/2025 19:55:14] "POST /verify-payment HTTP/1.1" 200 -
2025-05-08 19:55:32,580 - INFO -  * Detected change in 'C:\\xampp\\htdocs\\hijaulokauser\\verify_payment.py', reloading
2025-05-08 19:55:32,688 - INFO -  * Restarting with stat
2025-05-08 19:55:33,583 - WARNING -  * Debugger is active!
2025-05-08 19:55:33,586 - INFO -  * Debugger PIN: 669-873-542
2025-05-08 19:55:55,730 - INFO - 127.0.0.1 - - [08/May/2025 19:55:55] "OPTIONS /verify-payment HTTP/1.1" 200 -
2025-05-08 19:55:57,014 - INFO - OCR Text: bagan pan sprigs
me a kemauan 0 yen 2 nn
sage ep ni ka 0 me hps he
sn ie menata - hp aa
men @bdana pan
fasa sen tons! gn naa

2025-05-08 19:55:57,014 - INFO - blue_ratio: 0.173, has_dana_or_bisnis: True, valid: True
2025-05-08 19:55:57,019 - INFO - Saved verified payment proof: verified_payment_1746708957.jpg
2025-05-08 19:55:57,019 - INFO - Payment verified and saved: verified_payment_1746708957.jpg
2025-05-08 19:55:57,020 - INFO - 127.0.0.1 - - [08/May/2025 19:55:57] "POST /verify-payment HTTP/1.1" 200 -
2025-05-08 19:56:08,964 - INFO - 127.0.0.1 - - [08/May/2025 19:56:08] "OPTIONS /verify-payment HTTP/1.1" 200 -
2025-05-08 19:56:10,116 - INFO - OCR Text: bo ee “eae fe
on nee wet (0 oo ae sas) erne
it pp eo we @pana- 5 ee bpa
j is pan ma ea wyp a sate
paid oka se ga we = arate jee ere 2

2025-05-08 19:56:10,116 - INFO - blue_ratio: 0.102, has_dana_or_bisnis: False, valid: False
2025-05-08 19:56:10,122 - INFO - Payment not verified, saved for review: unverified_payment_1746708970.jpg
2025-05-08 19:56:10,123 - INFO - 127.0.0.1 - - [08/May/2025 19:56:10] "POST /verify-payment HTTP/1.1" 200 -
2025-05-08 19:56:20,907 - INFO - 127.0.0.1 - - [08/May/2025 19:56:20] "OPTIONS /verify-payment HTTP/1.1" 200 -
2025-05-08 19:56:21,782 - INFO - OCR Text: oo) ene (corm © pa nt ss

2025-05-08 19:56:21,782 - INFO - blue_ratio: 0.099, has_dana_or_bisnis: False, valid: False
2025-05-08 19:56:21,786 - INFO - Payment not verified, saved for review: unverified_payment_1746708981.jpg
2025-05-08 19:56:21,788 - INFO - 127.0.0.1 - - [08/May/2025 19:56:21] "POST /verify-payment HTTP/1.1" 200 -
2025-05-08 19:56:31,203 - INFO - 127.0.0.1 - - [08/May/2025 19:56:31] "OPTIONS /verify-payment HTTP/1.1" 200 -
2025-05-08 19:56:32,405 - INFO - OCR Text: in oe lite rio ooms yi
pa ae ape fi pen co sp ep ss takan
‘ lara teehee ? mana c5, ata ib me tan ree
fy 7 ata yi orrico / eye mes 5
meng soot batre ae ve ana bea sos eee

2025-05-08 19:56:32,406 - INFO - blue_ratio: 0.142, has_dana_or_bisnis: False, valid: False
2025-05-08 19:56:32,410 - INFO - Payment not verified, saved for review: unverified_payment_1746708992.jpg
2025-05-08 19:56:32,412 - INFO - 127.0.0.1 - - [08/May/2025 19:56:32] "POST /verify-payment HTTP/1.1" 200 -
2025-05-08 19:57:01,120 - INFO -  * Detected change in 'C:\\xampp\\htdocs\\hijaulokauser\\verify_payment.py', reloading
2025-05-08 19:57:01,239 - INFO -  * Restarting with stat
2025-05-08 19:57:01,969 - WARNING -  * Debugger is active!
2025-05-08 19:57:01,972 - INFO -  * Debugger PIN: 669-873-542
2025-05-08 19:57:19,671 - INFO - 127.0.0.1 - - [08/May/2025 19:57:19] "OPTIONS /verify-payment HTTP/1.1" 200 -
2025-05-08 19:57:20,743 - INFO - OCR Text: oe i na aa : i oes
pre curls come fe out ses
eg ru sn gy

2025-05-08 19:57:20,743 - INFO - blue_ratio: 0.176, has_dana_or_bisnis: False, valid: False
2025-05-08 19:57:20,747 - INFO - Payment not verified, saved for review: unverified_payment_1746709040.jpg
2025-05-08 19:57:20,748 - INFO - 127.0.0.1 - - [08/May/2025 19:57:20] "POST /verify-payment HTTP/1.1" 200 -
2025-05-08 19:57:32,505 - INFO -  * Detected change in 'C:\\xampp\\htdocs\\hijaulokauser\\verify_payment.py', reloading
2025-05-08 19:57:32,587 - INFO -  * Restarting with stat
2025-05-08 19:57:33,122 - WARNING -  * Debugger is active!
2025-05-08 19:57:33,125 - INFO -  * Debugger PIN: 669-873-542
2025-05-08 19:57:47,781 - INFO - 127.0.0.1 - - [08/May/2025 19:57:47] "OPTIONS /verify-payment HTTP/1.1" 200 -
2025-05-08 19:57:48,973 - INFO - OCR Text: nan keren hn
pe aro banas sa nak
mee iy be fe wrwmug c2 monkonton ff hs ge oe aon
seta na na one 8 ets aa
pn bea ny al . al te ange ats na

2025-05-08 19:57:48,973 - INFO - blue_ratio: 0.138, has_dana_or_bisnis: False, valid: False
2025-05-08 19:57:48,978 - INFO - Payment not verified, saved for review: unverified_payment_1746709068.jpg
2025-05-08 19:57:48,979 - INFO - 127.0.0.1 - - [08/May/2025 19:57:48] "POST /verify-payment HTTP/1.1" 200 -
2025-05-08 19:57:59,294 - INFO - 127.0.0.1 - - [08/May/2025 19:57:59] "OPTIONS /verify-payment HTTP/1.1" 200 -
2025-05-08 19:58:00,278 - INFO - OCR Text: pe pan) ee
acres ae an qpana: pee aa

2025-05-08 19:58:00,278 - INFO - blue_ratio: 0.121, has_dana_or_bisnis: False, valid: False
2025-05-08 19:58:00,282 - INFO - Payment not verified, saved for review: unverified_payment_1746709080.jpg
2025-05-08 19:58:00,284 - INFO - 127.0.0.1 - - [08/May/2025 19:58:00] "POST /verify-payment HTTP/1.1" 200 -
2025-05-08 20:01:45,605 - INFO - 127.0.0.1 - - [08/May/2025 20:01:45] "OPTIONS /verify-payment HTTP/1.1" 200 -
2025-05-08 20:01:47,066 - INFO - OCR Text: = soleo ss
<4
oo oo oa
tap pp ana
= =
see. sn. ae
mee srancane sarna —
set erre es wo 008 ma anatrianayan - =
tea ss np aecaee]
ea mean dao dana
ge = werrans
os a lag
seb oo per an
eon dana oatsisaanzse
sarg ree ee ia buta peri
aa - k2 kaden
‘(sto santuane
= s =

2025-05-08 20:01:47,066 - INFO - blue_ratio: 0.163, has_dana_or_bisnis: True, valid: True
2025-05-08 20:01:47,071 - INFO - Saved verified payment proof: verified_payment_1746709307.jpg
2025-05-08 20:01:47,071 - INFO - Payment verified and saved: verified_payment_1746709307.jpg
2025-05-08 20:01:47,072 - INFO - 127.0.0.1 - - [08/May/2025 20:01:47] "POST /verify-payment HTTP/1.1" 200 -
2025-05-08 20:02:09,954 - INFO - 127.0.0.1 - - [08/May/2025 20:02:09] "OPTIONS /verify-payment HTTP/1.1" 200 -
2025-05-08 20:02:11,401 - INFO - OCR Text: = soleo ss
<4
oo oo oa
tap pp ana
= =
see. sn. ae
mee srancane sarna —
set erre es wo 008 ma anatrianayan - =
tea ss np aecaee]
ea mean dao dana
ge = werrans
os a lag
seb oo per an
eon dana oatsisaanzse
sarg ree ee ia buta peri
aa - k2 kaden
‘(sto santuane
= s =

2025-05-08 20:02:11,401 - INFO - blue_ratio: 0.163, has_dana_or_bisnis: True, valid: True
2025-05-08 20:02:11,405 - INFO - Saved verified payment proof: verified_payment_1746709331.jpg
2025-05-08 20:02:11,406 - INFO - Payment verified and saved: verified_payment_1746709331.jpg
2025-05-08 20:02:11,406 - INFO - 127.0.0.1 - - [08/May/2025 20:02:11] "POST /verify-payment HTTP/1.1" 200 -
2025-05-08 20:04:17,395 - INFO - 127.0.0.1 - - [08/May/2025 20:04:17] "OPTIONS /verify-payment HTTP/1.1" 200 -
2025-05-08 20:04:18,894 - INFO - OCR Text: = soleo ss
<4
oo oo oa
tap pp ana
= =
see. sn. ae
mee srancane sarna —
set erre es wo 008 ma anatrianayan - =
tea ss np aecaee]
ea mean dao dana
ge = werrans
os a lag
seb oo per an
eon dana oatsisaanzse
sarg ree ee ia buta peri
aa - k2 kaden
‘(sto santuane
= s =

2025-05-08 20:04:18,894 - INFO - blue_ratio: 0.163, has_dana_or_bisnis: True, valid: True
2025-05-08 20:04:18,898 - INFO - Saved verified payment proof: verified_payment_1746709458.jpg
2025-05-08 20:04:18,899 - INFO - Payment verified and saved: verified_payment_1746709458.jpg
2025-05-08 20:04:18,899 - INFO - 127.0.0.1 - - [08/May/2025 20:04:18] "POST /verify-payment HTTP/1.1" 200 -
2025-05-08 20:07:00,804 - INFO - 127.0.0.1 - - [08/May/2025 20:07:00] "OPTIONS /verify-payment HTTP/1.1" 200 -
2025-05-08 20:07:02,382 - INFO - OCR Text: = soleo ss
<4
oo oo oa
tap pp ana
= =
see. sn. ae
mee srancane sarna —
set erre es wo 008 ma anatrianayan - =
tea ss np aecaee]
ea mean dao dana
ge = werrans
os a lag
seb oo per an
eon dana oatsisaanzse
sarg ree ee ia buta peri
aa - k2 kaden
‘(sto santuane
= s =

2025-05-08 20:07:02,383 - INFO - blue_ratio: 0.163, has_dana_or_bisnis: True, valid: True
2025-05-08 20:07:02,387 - INFO - Saved verified payment proof: verified_payment_1746709622.jpg
2025-05-08 20:07:02,388 - INFO - Payment verified and saved: verified_payment_1746709622.jpg
2025-05-08 20:07:02,388 - INFO - 127.0.0.1 - - [08/May/2025 20:07:02] "POST /verify-payment HTTP/1.1" 200 -
2025-05-08 20:08:06,250 - INFO - 127.0.0.1 - - [08/May/2025 20:08:06] "OPTIONS /verify-payment HTTP/1.1" 200 -
2025-05-08 20:08:07,686 - INFO - OCR Text: = soleo ss
<4
oo oo oa
tap pp ana
= =
see. sn. ae
mee srancane sarna —
set erre es wo 008 ma anatrianayan - =
tea ss np aecaee]
ea mean dao dana
ge = werrans
os a lag
seb oo per an
eon dana oatsisaanzse
sarg ree ee ia buta peri
aa - k2 kaden
‘(sto santuane
= s =

2025-05-08 20:08:07,686 - INFO - blue_ratio: 0.163, has_dana_or_bisnis: True, valid: True
2025-05-08 20:08:07,690 - INFO - Saved verified payment proof: verified_payment_1746709687.jpg
2025-05-08 20:08:07,690 - INFO - Payment verified and saved: verified_payment_1746709687.jpg
2025-05-08 20:08:07,691 - INFO - 127.0.0.1 - - [08/May/2025 20:08:07] "POST /verify-payment HTTP/1.1" 200 -
2025-05-08 20:08:36,816 - INFO - 127.0.0.1 - - [08/May/2025 20:08:36] "OPTIONS /verify-payment HTTP/1.1" 200 -
2025-05-08 20:08:38,441 - INFO - OCR Text: gr 2oo do le all bd
ee
or a ao
ceo bisnis
= =
sp he edi
ta sone tees ged ie cane cane sane
ee ancanagarnca
peribgynren en hanana oe _
ese teaver 5 era
motode pombayatan saras ana
abang
te
dani tamat pc ages
= ps as
—e tts
ma na ate aa = ij
lor ooo soe ov
(csd sereneanreans
———— esre_eastt

2025-05-08 20:08:38,441 - INFO - blue_ratio: 0.260, has_dana_or_bisnis: True, valid: True
2025-05-08 20:08:38,445 - INFO - Saved verified payment proof: verified_payment_1746709718.jpg
2025-05-08 20:08:38,445 - INFO - Payment verified and saved: verified_payment_1746709718.jpg
2025-05-08 20:08:38,446 - INFO - 127.0.0.1 - - [08/May/2025 20:08:38] "POST /verify-payment HTTP/1.1" 200 -
2025-05-08 20:13:17,655 - INFO -  * Detected change in 'C:\\xampp\\htdocs\\hijaulokauser\\verify_payment.py', reloading
2025-05-08 20:13:17,868 - INFO -  * Restarting with stat
2025-05-08 20:13:18,669 - WARNING -  * Debugger is active!
2025-05-08 20:13:18,674 - INFO -  * Debugger PIN: 669-873-542
2025-05-08 20:14:19,730 - INFO -  * Detected change in 'C:\\xampp\\htdocs\\hijaulokauser\\verify_payment.py', reloading
2025-05-08 20:14:19,845 - INFO -  * Restarting with stat
2025-05-08 20:14:20,577 - WARNING -  * Debugger is active!
2025-05-08 20:14:20,580 - INFO -  * Debugger PIN: 669-873-542
2025-05-08 20:14:30,775 - INFO -  * Detected change in 'C:\\xampp\\htdocs\\hijaulokauser\\verify_payment.py', reloading
2025-05-08 20:14:30,856 - INFO -  * Restarting with stat
2025-05-08 20:14:31,418 - WARNING -  * Debugger is active!
2025-05-08 20:14:31,420 - INFO -  * Debugger PIN: 669-873-542
2025-05-08 20:45:24,034 - INFO - [31m[1mWARNING: This is a development server. Do not use it in a production deployment. Use a production WSGI server instead.[0m
 * Running on http://127.0.0.1:5000
2025-05-08 20:45:24,039 - INFO - [33mPress CTRL+C to quit[0m
2025-05-08 20:45:24,043 - INFO -  * Restarting with stat
2025-05-08 20:45:24,639 - WARNING -  * Debugger is active!
2025-05-08 20:45:24,648 - INFO -  * Debugger PIN: 669-873-542
2025-05-08 20:45:52,032 - INFO - 127.0.0.1 - - [08/May/2025 20:45:52] "OPTIONS /verify-payment HTTP/1.1" 200 -
2025-05-08 20:45:52,281 - INFO - Processing payment verification for order ID: 105
2025-05-08 20:45:53,767 - INFO - OCR Text: = soleo ss
<4
oo oo oa
tap pp ana
= =
see. sn. ae
mee srancane sarna —
set erre es wo 008 ma anatrianayan - =
tea ss np aecaee]
ea mean dao dana
ge = werrans
os a lag
seb oo per an
eon dana oatsisaanzse
sarg ree ee ia buta peri
aa - k2 kaden
‘(sto santuane
= s =

2025-05-08 20:45:53,767 - INFO - blue_ratio: 0.163, has_dana_or_bisnis: True, valid: True
2025-05-08 20:45:53,775 - INFO - Saved verified payment proof: verified_payment_1746711953.jpg
2025-05-08 20:45:53,775 - INFO - Payment verified and saved: verified_payment_1746711953.jpg
2025-05-08 20:45:53,776 - ERROR - Database error: No module named 'mysql'
2025-05-08 20:45:53,777 - INFO - 127.0.0.1 - - [08/May/2025 20:45:53] "POST /verify-payment HTTP/1.1" 200 -
2025-05-08 21:32:08,476 - INFO -  * Detected change in 'C:\\xampp\\htdocs\\hijaulokauser\\verify_payment.py', reloading
2025-05-08 21:32:08,885 - INFO -  * Restarting with stat
2025-05-08 21:32:09,796 - WARNING -  * Debugger is active!
2025-05-08 21:32:09,800 - INFO -  * Debugger PIN: 669-873-542
2025-05-08 21:33:36,284 - INFO -  * Detected change in 'C:\\xampp\\htdocs\\hijaulokauser\\verify_payment.py', reloading
2025-05-08 21:33:36,517 - INFO -  * Restarting with stat
2025-05-08 21:33:38,175 - WARNING -  * Debugger is active!
2025-05-08 21:33:38,180 - INFO -  * Debugger PIN: 669-873-542
2025-05-08 21:35:59,960 - INFO - 127.0.0.1 - - [08/May/2025 21:35:59] "OPTIONS /verify-payment HTTP/1.1" 200 -
2025-05-08 21:36:00,115 - INFO - Processing payment verification for order ID: 106
2025-05-08 21:36:02,241 - INFO - Blue ratio detected: 0.165
2025-05-08 21:36:02,242 - INFO - OCR Text: = soleo ss
<4
oo oo oa
tap pp ana
= =
see. sn. ae
mee srancane sarna —
set erre es wo 008 ma anatrianayan - =
tea ss np aecaee]
ea mean dao dana
ge = werrans
os a lag
seb oo per an
eon dana oatsisaanzse
sarg ree ee ia buta peri
aa - k2 kaden
‘(sto santuane
= s =

2025-05-08 21:36:02,242 - INFO - Confidence score: 0.30
2025-05-08 21:36:02,242 - INFO - Not a valid payment proof
2025-05-08 21:36:02,259 - INFO - Payment not verified, saved for review: assets/img/dataset/20250508\unverified\unverified_order_106_payment_1746714962.jpg
2025-05-08 21:36:02,261 - INFO - 127.0.0.1 - - [08/May/2025 21:36:02] "POST /verify-payment HTTP/1.1" 200 -
2025-05-08 21:38:19,685 - INFO -  * Detected change in 'C:\\xampp\\htdocs\\hijaulokauser\\verify_payment.py', reloading
2025-05-08 21:38:20,020 - INFO -  * Restarting with stat
2025-05-08 21:38:21,136 - WARNING -  * Debugger is active!
2025-05-08 21:38:21,142 - INFO -  * Debugger PIN: 669-873-542
2025-05-08 21:39:40,470 - INFO -  * Detected change in 'C:\\xampp\\htdocs\\hijaulokauser\\verify_payment.py', reloading
2025-05-08 21:39:40,653 - INFO -  * Restarting with stat
2025-05-08 21:39:41,636 - WARNING -  * Debugger is active!
2025-05-08 21:39:41,641 - INFO -  * Debugger PIN: 669-873-542
2025-05-08 21:39:51,848 - INFO -  * Detected change in 'C:\\xampp\\htdocs\\hijaulokauser\\verify_payment.py', reloading
2025-05-08 21:39:51,936 - INFO -  * Restarting with stat
2025-05-08 21:39:52,578 - WARNING -  * Debugger is active!
2025-05-08 21:39:52,581 - INFO -  * Debugger PIN: 669-873-542
2025-05-08 21:40:00,708 - INFO - 127.0.0.1 - - [08/May/2025 21:40:00] "OPTIONS /verify-payment HTTP/1.1" 200 -
2025-05-08 21:40:00,952 - INFO - Processing payment verification for order ID: 106
2025-05-08 21:40:02,745 - INFO - Blue ratio detected: 0.165
2025-05-08 21:40:02,745 - INFO - Found 1 payment keywords
2025-05-08 21:40:02,745 - INFO - DANA keyword explicitly found
2025-05-08 21:40:02,746 - INFO - OCR Text: = soleo ss
<4
oo oo oa
tap pp ana
= =
see. sn. ae
mee srancane sarna —
set erre es wo 008 ma anatrianayan - =
tea ss np aecaee]
ea mean dao dana
ge = werrans
os a lag
seb oo per an
eon dana oatsisaanzse
sarg ree ee ia buta peri
aa - k2 kaden
‘(sto santuane
= s =

2025-05-08 21:40:02,746 - INFO - Confidence score: 0.70
2025-05-08 21:40:02,746 - INFO - Using fallback detection method - found DANA/BISNIS with sufficient blue ratio
2025-05-08 21:40:02,746 - INFO - Payment proof detected successfully
2025-05-08 21:40:02,747 - ERROR - Database error: No module named 'mysql'
2025-05-08 21:40:02,759 - INFO - Saved verified payment proof: assets/img/dataset/20250508\verified\verified_order_106_payment_1746715202.jpg
2025-05-08 21:40:02,782 - INFO - Payment verified and saved: assets/img/dataset/20250508\verified\verified_order_106_payment_1746715202.jpg
2025-05-08 21:40:02,783 - INFO - 127.0.0.1 - - [08/May/2025 21:40:02] "POST /verify-payment HTTP/1.1" 200 -
2025-05-08 21:44:49,639 - INFO -  * Detected change in 'C:\\xampp\\htdocs\\hijaulokauser\\verify_payment.py', reloading
2025-05-08 21:44:50,045 - INFO -  * Restarting with stat
2025-05-08 21:44:51,267 - WARNING -  * Debugger is active!
2025-05-08 21:44:51,276 - INFO -  * Debugger PIN: 669-873-542
2025-05-08 21:46:07,415 - INFO - 127.0.0.1 - - [08/May/2025 21:46:07] "OPTIONS /verify-payment HTTP/1.1" 200 -
2025-05-08 21:46:07,654 - INFO - Processing payment verification for order ID: 107
2025-05-08 21:46:09,361 - INFO - Blue ratio detected: 0.165
2025-05-08 21:46:09,362 - INFO - Found 1 payment keywords
2025-05-08 21:46:09,362 - INFO - DANA keyword explicitly found
2025-05-08 21:46:09,362 - INFO - OCR Text: = soleo ss
<4
oo oo oa
tap pp ana
= =
see. sn. ae
mee srancane sarna —
set erre es wo 008 ma anatrianayan - =
tea ss np aecaee]
ea mean dao dana
ge = werrans
os a lag
seb oo per an
eon dana oatsisaanzse
sarg ree ee ia buta peri
aa - k2 kaden
‘(sto santuane
= s =

2025-05-08 21:46:09,362 - INFO - Confidence score: 0.70
2025-05-08 21:46:09,362 - INFO - Using fallback detection method - found DANA/BISNIS with sufficient blue ratio
2025-05-08 21:46:09,362 - INFO - Payment proof detected successfully
2025-05-08 21:46:09,372 - INFO - Saved verified payment proof: assets/img/dataset/20250508\verified\verified_order_107_payment_1746715569.jpg
2025-05-08 21:46:09,394 - INFO - Payment verified and saved: assets/img/dataset/20250508\verified\verified_order_107_payment_1746715569.jpg
2025-05-08 21:46:09,395 - ERROR - Database error: No module named 'mysql'
2025-05-08 21:46:09,396 - INFO - 127.0.0.1 - - [08/May/2025 21:46:09] "POST /verify-payment HTTP/1.1" 200 -
2025-05-08 21:47:34,160 - INFO -  * Detected change in 'C:\\xampp\\htdocs\\hijaulokauser\\verify_payment.py', reloading
2025-05-08 21:47:34,499 - INFO -  * Restarting with stat
2025-05-08 21:47:35,814 - WARNING -  * Debugger is active!
2025-05-08 21:47:35,824 - INFO -  * Debugger PIN: 669-873-542
2025-05-08 21:51:09,841 - INFO - 127.0.0.1 - - [08/May/2025 21:51:09] "OPTIONS /verify-payment HTTP/1.1" 200 -
2025-05-08 21:51:10,049 - INFO - Processing payment verification for order ID: 108
2025-05-08 21:51:11,799 - INFO - Blue ratio detected: 0.165
2025-05-08 21:51:11,799 - INFO - Found 1 payment keywords
2025-05-08 21:51:11,799 - INFO - DANA keyword explicitly found
2025-05-08 21:51:11,799 - INFO - OCR Text: = soleo ss
<4
oo oo oa
tap pp ana
= =
see. sn. ae
mee srancane sarna —
set erre es wo 008 ma anatrianayan - =
tea ss np aecaee]
ea mean dao dana
ge = werrans
os a lag
seb oo per an
eon dana oatsisaanzse
sarg ree ee ia buta peri
aa - k2 kaden
‘(sto santuane
= s =

2025-05-08 21:51:11,799 - INFO - Confidence score: 0.70
2025-05-08 21:51:11,799 - INFO - Using fallback detection method - found DANA/BISNIS with sufficient blue ratio
2025-05-08 21:51:11,799 - INFO - Payment proof detected successfully
2025-05-08 21:51:11,817 - INFO - Saved verified payment proof: uploads/bukti\verified_order_108_payment_1746715871.jpg
2025-05-08 21:51:11,817 - INFO - Payment verified and saved: uploads/bukti\verified_order_108_payment_1746715871.jpg
2025-05-08 21:51:11,818 - ERROR - Database error: No module named 'mysql'
2025-05-08 21:51:11,819 - INFO - 127.0.0.1 - - [08/May/2025 21:51:11] "POST /verify-payment HTTP/1.1" 200 -
2025-05-08 22:03:22,839 - INFO -  * Detected change in 'C:\\xampp\\htdocs\\hijaulokauser\\verify_payment.py', reloading
2025-05-08 22:03:23,128 - INFO -  * Restarting with stat
2025-05-08 22:03:24,194 - WARNING -  * Debugger is active!
2025-05-08 22:03:24,199 - INFO -  * Debugger PIN: 669-873-542
2025-05-08 22:04:26,595 - INFO - 127.0.0.1 - - [08/May/2025 22:04:26] "OPTIONS /verify-payment HTTP/1.1" 200 -
2025-05-08 22:04:26,827 - INFO - Processing payment verification for order ID: 109
2025-05-08 22:04:28,790 - INFO - Blue ratio detected: 0.263
2025-05-08 22:04:28,790 - INFO - Found 1 payment keywords
2025-05-08 22:04:28,790 - INFO - OCR Text: gr 2oo do le all bd
ee
or a ao
ceo bisnis
= =
sp he edi
ta sone tees ged ie cane cane sane
ee ancanagarnca
peribgynren en hanana oe _
ese teaver 5 era
motode pombayatan saras ana
abang
te
dani tamat pc ages
= ps as
—e tts
ma na ate aa = ij
lor ooo soe ov
(csd sereneanreans
———— esre_eastt

2025-05-08 22:04:28,790 - INFO - Confidence score: 0.40
2025-05-08 22:04:28,791 - INFO - Using fallback detection method - found DANA/BISNIS with sufficient blue ratio
2025-05-08 22:04:28,791 - INFO - Payment proof detected successfully
2025-05-08 22:04:28,805 - INFO - Saved verified payment proof: uploads/bukti\verified_order_109_payment_1746716668.jpg
2025-05-08 22:04:28,805 - INFO - Payment verified and saved: uploads/bukti\verified_order_109_payment_1746716668.jpg
2025-05-08 22:04:28,806 - ERROR - Database error: No module named 'mysql'
2025-05-08 22:04:28,807 - INFO - 127.0.0.1 - - [08/May/2025 22:04:28] "POST /verify-payment HTTP/1.1" 200 -
2025-05-08 22:07:21,241 - INFO -  * Detected change in 'C:\\xampp\\htdocs\\hijaulokauser\\verify_payment.py', reloading
2025-05-08 22:07:21,843 - INFO -  * Restarting with stat
2025-05-08 22:07:23,510 - WARNING -  * Debugger is active!
2025-05-08 22:07:23,517 - INFO -  * Debugger PIN: 669-873-542
2025-05-08 22:09:34,869 - INFO - 127.0.0.1 - - [08/May/2025 22:09:34] "OPTIONS /verify-payment HTTP/1.1" 200 -
2025-05-08 22:09:35,060 - INFO - Processing payment verification for order ID: 110
2025-05-08 22:09:36,817 - INFO - Blue ratio detected: 0.165
2025-05-08 22:09:36,817 - INFO - Found 1 payment keywords
2025-05-08 22:09:36,817 - INFO - DANA keyword explicitly found
2025-05-08 22:09:36,817 - INFO - OCR Text: = soleo ss
<4
oo oo oa
tap pp ana
= =
see. sn. ae
mee srancane sarna —
set erre es wo 008 ma anatrianayan - =
tea ss np aecaee]
ea mean dao dana
ge = werrans
os a lag
seb oo per an
eon dana oatsisaanzse
sarg ree ee ia buta peri
aa - k2 kaden
‘(sto santuane
= s =

2025-05-08 22:09:36,817 - INFO - Confidence score: 0.70
2025-05-08 22:09:36,817 - INFO - Using fallback detection method - found DANA/BISNIS with sufficient blue ratio
2025-05-08 22:09:36,817 - INFO - Payment proof detected successfully
2025-05-08 22:09:36,836 - INFO - Saved verified payment proof: uploads/bukti\verified_order_110_payment_1746716976.jpg
2025-05-08 22:09:36,836 - INFO - Payment verified and saved: uploads/bukti\verified_order_110_payment_1746716976.jpg
2025-05-08 22:09:36,839 - ERROR - Database error: No module named 'mysql'
2025-05-08 22:09:36,840 - INFO - 127.0.0.1 - - [08/May/2025 22:09:36] "POST /verify-payment HTTP/1.1" 200 -
2025-05-09 09:47:53,680 - INFO - [31m[1mWARNING: This is a development server. Do not use it in a production deployment. Use a production WSGI server instead.[0m
 * Running on http://127.0.0.1:5000
2025-05-09 09:47:53,682 - INFO - [33mPress CTRL+C to quit[0m
2025-05-09 09:47:53,685 - INFO -  * Restarting with stat
2025-05-09 09:47:54,432 - WARNING -  * Debugger is active!
2025-05-09 09:47:54,439 - INFO -  * Debugger PIN: 150-050-058
2025-05-09 09:48:08,016 - INFO - 127.0.0.1 - - [09/May/2025 09:48:08] "OPTIONS /verify-payment HTTP/1.1" 200 -
2025-05-09 09:48:08,263 - INFO - Processing payment verification for order ID: 111
2025-05-09 09:48:11,682 - INFO - Blue ratio detected: 0.212
2025-05-09 09:48:11,682 - INFO - OCR Text: ra aa © su aa
maen pe am an >) ie, sun

2025-05-09 09:48:11,682 - INFO - Confidence score: 0.30
2025-05-09 09:48:11,682 - INFO - Not a valid payment proof
2025-05-09 09:48:11,740 - INFO - Payment not verified, saved for review: uploads/bukti\unverified_order_111_payment_1746758891.jpg
2025-05-09 09:48:11,742 - INFO - 127.0.0.1 - - [09/May/2025 09:48:11] "POST /verify-payment HTTP/1.1" 200 -
2025-05-09 09:48:20,724 - INFO - 127.0.0.1 - - [09/May/2025 09:48:20] "OPTIONS /verify-payment HTTP/1.1" 200 -
2025-05-09 09:48:20,986 - INFO - Processing payment verification for order ID: 111
2025-05-09 09:48:22,074 - INFO - Blue ratio detected: 0.295
2025-05-09 09:48:22,075 - INFO - OCR Text: 
2025-05-09 09:48:22,075 - INFO - Confidence score: 0.30
2025-05-09 09:48:22,075 - INFO - Not a valid payment proof
2025-05-09 09:48:22,084 - INFO - Payment not verified, saved for review: uploads/bukti\unverified_order_111_payment_1746758902.jpg
2025-05-09 09:48:22,085 - INFO - 127.0.0.1 - - [09/May/2025 09:48:22] "POST /verify-payment HTTP/1.1" 200 -
2025-05-09 09:48:34,256 - INFO - 127.0.0.1 - - [09/May/2025 09:48:34] "OPTIONS /verify-payment HTTP/1.1" 200 -
2025-05-09 09:48:34,522 - INFO - Processing payment verification for order ID: 111
2025-05-09 09:48:35,737 - INFO - Blue ratio detected: 0.286
2025-05-09 09:48:35,738 - INFO - OCR Text: : : | feel tsa) foon x : : :
an qnana fe j

eee wa se | cee
oe bs orenstein, in goes ae aa
ada uy tg | far ik 3
aa lg . "ning ee kan | ai min

2025-05-09 09:48:35,738 - INFO - Confidence score: 0.30
2025-05-09 09:48:35,738 - INFO - Not a valid payment proof
2025-05-09 09:48:35,753 - INFO - Payment not verified, saved for review: uploads/bukti\unverified_order_111_payment_1746758915.jpg
2025-05-09 09:48:35,754 - INFO - 127.0.0.1 - - [09/May/2025 09:48:35] "POST /verify-payment HTTP/1.1" 200 -
2025-05-09 09:48:41,904 - INFO - 127.0.0.1 - - [09/May/2025 09:48:41] "OPTIONS /verify-payment HTTP/1.1" 200 -
2025-05-09 09:48:42,151 - INFO - Processing payment verification for order ID: 111
2025-05-09 09:48:43,483 - INFO - Blue ratio detected: 0.165
2025-05-09 09:48:43,483 - INFO - Found 1 payment keywords
2025-05-09 09:48:43,483 - INFO - DANA keyword explicitly found
2025-05-09 09:48:43,483 - INFO - OCR Text: = soleo ss
<4
oo oo oa
tap pp ana
= =
see. sn. ae
mee srancane sarna —
set erre es wo 008 ma anatrianayan - =
tea ss np aecaee]
ea mean dao dana
ge = werrans
os a lag
seb oo per an
eon dana oatsisaanzse
sarg ree ee ia buta peri
aa - k2 kaden
‘(sto santuane
= s =

2025-05-09 09:48:43,483 - INFO - Confidence score: 0.70
2025-05-09 09:48:43,483 - INFO - Using fallback detection method - found DANA/BISNIS with sufficient blue ratio
2025-05-09 09:48:43,483 - INFO - Payment proof detected successfully
2025-05-09 09:48:43,495 - INFO - Saved verified payment proof: uploads/bukti\verified_order_111_payment_1746758923.jpg
2025-05-09 09:48:43,495 - INFO - Payment verified and saved: uploads/bukti\verified_order_111_payment_1746758923.jpg
2025-05-09 09:48:43,496 - ERROR - Database error: No module named 'mysql'
2025-05-09 09:48:43,497 - INFO - 127.0.0.1 - - [09/May/2025 09:48:43] "POST /verify-payment HTTP/1.1" 200 -
2025-05-09 09:48:56,358 - INFO - 127.0.0.1 - - [09/May/2025 09:48:56] "OPTIONS /verify-payment HTTP/1.1" 200 -
2025-05-09 09:48:56,642 - INFO - Processing payment verification for order ID: 111
2025-05-09 09:48:57,943 - INFO - Blue ratio detected: 0.320
2025-05-09 09:48:57,943 - INFO - OCR Text: aim oa (pl |
im how la él 3 musa 2 “oan obtawdes | 7 pe ,
eal i no toaisnaag $ aa fa sa
fost sed uh men abis ld sana 5 a 1 pa 8 k 5

2025-05-09 09:48:57,943 - INFO - Confidence score: 0.30
2025-05-09 09:48:57,943 - INFO - Not a valid payment proof
2025-05-09 09:48:57,954 - INFO - Payment not verified, saved for review: uploads/bukti\unverified_order_111_payment_1746758937.jpg
2025-05-09 09:48:57,955 - INFO - 127.0.0.1 - - [09/May/2025 09:48:57] "POST /verify-payment HTTP/1.1" 200 -
2025-05-09 09:51:15,028 - INFO - 127.0.0.1 - - [09/May/2025 09:51:15] "OPTIONS /verify-payment HTTP/1.1" 200 -
2025-05-09 09:51:15,293 - INFO - Processing payment verification for order ID: 111
2025-05-09 09:51:17,574 - INFO - Blue ratio detected: 0.219
2025-05-09 09:51:17,574 - INFO - Found 3 payment keywords
2025-05-09 09:51:17,574 - INFO - OCR Text: an ae l e
sup el! fa detall transaksi 4 ng an ai bas
pa ep a ka fea ba
yen |. taining rp he beta santos s1 | t . cong en
ii an on cementite “sh pn ra
oe na, ds etotal bayar” le rpis:000 v3 ai 3 pa
fee ne ad mendepeitiraan saldé pana 1 na soph. las an

2025-05-09 09:51:17,574 - INFO - Confidence score: 0.60
2025-05-09 09:51:17,574 - INFO - Payment proof detected successfully
2025-05-09 09:51:17,586 - INFO - Saved verified payment proof: uploads/bukti\verified_order_111_payment_1746759077.jpg
2025-05-09 09:51:17,586 - INFO - Payment verified and saved: uploads/bukti\verified_order_111_payment_1746759077.jpg
2025-05-09 09:51:17,587 - ERROR - Database error: No module named 'mysql'
2025-05-09 09:51:17,588 - INFO - 127.0.0.1 - - [09/May/2025 09:51:17] "POST /verify-payment HTTP/1.1" 200 -
2025-05-09 09:51:34,890 - INFO - 127.0.0.1 - - [09/May/2025 09:51:34] "OPTIONS /verify-payment HTTP/1.1" 200 -
2025-05-09 09:51:35,156 - INFO - Processing payment verification for order ID: 111
2025-05-09 09:51:36,012 - INFO - Blue ratio detected: 0.254
2025-05-09 09:51:36,012 - INFO - OCR Text: pee } akn tg i na bi ni
se 4 ae la ya of we aes
ae ie ae ley po

2025-05-09 09:51:36,012 - INFO - Confidence score: 0.30
2025-05-09 09:51:36,012 - INFO - Not a valid payment proof
2025-05-09 09:51:36,023 - INFO - Payment not verified, saved for review: uploads/bukti\unverified_order_111_payment_1746759096.jpg
2025-05-09 09:51:36,025 - INFO - 127.0.0.1 - - [09/May/2025 09:51:36] "POST /verify-payment HTTP/1.1" 200 -
2025-05-09 09:51:50,607 - INFO - 127.0.0.1 - - [09/May/2025 09:51:50] "OPTIONS /verify-payment HTTP/1.1" 200 -
2025-05-09 09:51:50,855 - INFO - Processing payment verification for order ID: 111
2025-05-09 09:51:51,900 - INFO - Blue ratio detected: 0.269
2025-05-09 09:51:51,900 - INFO - OCR Text: en pi :n | kinta we | pa ban
ke pa oe spa | tinunitsenteoeasanost ! — ce
canes ie eee pag eee bo sad
ta gn ine meters sua’? pa (=
ap a po prp a ae (smt? ap eee
he pict facts pia eet

2025-05-09 09:51:51,900 - INFO - Confidence score: 0.30
2025-05-09 09:51:51,900 - INFO - Not a valid payment proof
2025-05-09 09:51:51,910 - INFO - Payment not verified, saved for review: uploads/bukti\unverified_order_111_payment_1746759111.jpg
2025-05-09 09:51:51,911 - INFO - 127.0.0.1 - - [09/May/2025 09:51:51] "POST /verify-payment HTTP/1.1" 200 -
2025-05-09 09:52:02,067 - INFO - 127.0.0.1 - - [09/May/2025 09:52:02] "OPTIONS /verify-payment HTTP/1.1" 200 -
2025-05-09 09:52:02,330 - INFO - Processing payment verification for order ID: 111
2025-05-09 09:52:03,035 - INFO - Blue ratio detected: 0.277
2025-05-09 09:52:03,035 - INFO - OCR Text: 
2025-05-09 09:52:03,035 - INFO - Confidence score: 0.30
2025-05-09 09:52:03,035 - INFO - Not a valid payment proof
2025-05-09 09:52:03,044 - INFO - Payment not verified, saved for review: uploads/bukti\unverified_order_111_payment_1746759123.jpg
2025-05-09 09:52:03,046 - INFO - 127.0.0.1 - - [09/May/2025 09:52:03] "POST /verify-payment HTTP/1.1" 200 -
2025-05-09 09:52:15,670 - INFO - 127.0.0.1 - - [09/May/2025 09:52:15] "OPTIONS /verify-payment HTTP/1.1" 200 -
2025-05-09 09:52:15,915 - INFO - Processing payment verification for order ID: 111
2025-05-09 09:52:17,083 - INFO - Blue ratio detected: 0.230
2025-05-09 09:52:17,083 - INFO - Found 2 payment keywords
2025-05-09 09:52:17,083 - INFO - OCR Text: jo hp siri 0 ko nn hg pa
pa 224 [foes eer pe an “73
nek dang per .
bana te ad samay anin ra hana

24 a i aa : ane ka

sa en 1 total bayar me rats.000 & er aaah pitak

aa eat | 1 et ene mau na

2025-05-09 09:52:17,084 - INFO - Confidence score: 0.50
2025-05-09 09:52:17,084 - INFO - Payment proof detected successfully
2025-05-09 09:52:17,096 - INFO - Saved verified payment proof: uploads/bukti\verified_order_111_payment_1746759137.jpg
2025-05-09 09:52:17,096 - INFO - Payment verified and saved: uploads/bukti\verified_order_111_payment_1746759137.jpg
2025-05-09 09:52:17,096 - ERROR - Database error: No module named 'mysql'
2025-05-09 09:52:17,097 - INFO - 127.0.0.1 - - [09/May/2025 09:52:17] "POST /verify-payment HTTP/1.1" 200 -
2025-05-09 09:52:33,896 - INFO - 127.0.0.1 - - [09/May/2025 09:52:33] "OPTIONS /verify-payment HTTP/1.1" 200 -
2025-05-09 09:52:34,157 - INFO - Processing payment verification for order ID: 111
2025-05-09 09:52:35,447 - INFO - Blue ratio detected: 0.266
2025-05-09 09:52:35,448 - INFO - OCR Text: . 1g fa oa aas nee se 1 wee
ce se 5 (ar
pr masa tmn men ama
. 3 apa ed asam cp asasi. | ir .
. : res oe = mna tan | if pog :
a : 5 £ aa kios te pee

2025-05-09 09:52:35,448 - INFO - Confidence score: 0.30
2025-05-09 09:52:35,448 - INFO - Not a valid payment proof
2025-05-09 09:52:35,462 - INFO - Payment not verified, saved for review: uploads/bukti\unverified_order_111_payment_1746759155.jpg
2025-05-09 09:52:35,463 - INFO - 127.0.0.1 - - [09/May/2025 09:52:35] "POST /verify-payment HTTP/1.1" 200 -
2025-05-09 09:52:42,737 - INFO - 127.0.0.1 - - [09/May/2025 09:52:42] "OPTIONS /verify-payment HTTP/1.1" 200 -
2025-05-09 09:52:42,986 - INFO - Processing payment verification for order ID: 111
2025-05-09 09:52:44,175 - INFO - Blue ratio detected: 0.387
2025-05-09 09:52:44,175 - INFO - OCR Text: fs oa fa \t ee busan de
ef bate eee sa ae manna aren ans
eb sop sat eee etna. ea fans

2025-05-09 09:52:44,175 - INFO - Confidence score: 0.30
2025-05-09 09:52:44,175 - INFO - Not a valid payment proof
2025-05-09 09:52:44,187 - INFO - Payment not verified, saved for review: uploads/bukti\unverified_order_111_payment_1746759164.jpg
2025-05-09 09:52:44,189 - INFO - 127.0.0.1 - - [09/May/2025 09:52:44] "POST /verify-payment HTTP/1.1" 200 -
2025-05-09 09:52:53,947 - INFO - 127.0.0.1 - - [09/May/2025 09:52:53] "OPTIONS /verify-payment HTTP/1.1" 200 -
2025-05-09 09:52:54,195 - INFO - Processing payment verification for order ID: 111
2025-05-09 09:52:55,447 - INFO - Blue ratio detected: 0.214
2025-05-09 09:52:55,447 - INFO - OCR Text: as aa een a pee
a 2 i nee ae 0 ia eee kai =
dog . on nda a oy epee fess: pa
3 bn, mama sa pe eka

2025-05-09 09:52:55,447 - INFO - Confidence score: 0.30
2025-05-09 09:52:55,447 - INFO - Not a valid payment proof
2025-05-09 09:52:55,457 - INFO - Payment not verified, saved for review: uploads/bukti\unverified_order_111_payment_1746759175.jpg
2025-05-09 09:52:55,458 - INFO - 127.0.0.1 - - [09/May/2025 09:52:55] "POST /verify-payment HTTP/1.1" 200 -
2025-05-09 09:53:12,205 - INFO - 127.0.0.1 - - [09/May/2025 09:53:12] "OPTIONS /verify-payment HTTP/1.1" 200 -
2025-05-09 09:53:12,451 - INFO - Processing payment verification for order ID: 111
2025-05-09 09:53:13,462 - INFO - Blue ratio detected: 0.279
2025-05-09 09:53:13,463 - INFO - OCR Text: tan se at | @oana, v an ll
la aan gf neatiotin pang mp
i td a see tetas ep coe es

2025-05-09 09:53:13,463 - INFO - Confidence score: 0.30
2025-05-09 09:53:13,463 - INFO - Not a valid payment proof
2025-05-09 09:53:13,472 - INFO - Payment not verified, saved for review: uploads/bukti\unverified_order_111_payment_1746759193.jpg
2025-05-09 09:53:13,474 - INFO - 127.0.0.1 - - [09/May/2025 09:53:13] "POST /verify-payment HTTP/1.1" 200 -
2025-05-09 09:53:25,046 - INFO - 127.0.0.1 - - [09/May/2025 09:53:25] "OPTIONS /verify-payment HTTP/1.1" 200 -
2025-05-09 09:53:25,311 - INFO - Processing payment verification for order ID: 111
2025-05-09 09:53:26,743 - INFO - Blue ratio detected: 0.388
2025-05-09 09:53:26,743 - INFO - OCR Text: on om ya 7
naa pay eneng ci sacra uan ng
ap kep sera | wit tooie eta sacco se! roy £
1 ng pa ba re pein
les lea sedia oo rpisom 0 pesat pit .
» te | 4 eotefenbayay ‘gaa oe fe 3:
ee el pe soe sst ie oe ne) bete gs

2025-05-09 09:53:26,743 - INFO - Confidence score: 0.30
2025-05-09 09:53:26,743 - INFO - Not a valid payment proof
2025-05-09 09:53:26,753 - INFO - Payment not verified, saved for review: uploads/bukti\unverified_order_111_payment_1746759206.jpg
2025-05-09 09:53:26,754 - INFO - 127.0.0.1 - - [09/May/2025 09:53:26] "POST /verify-payment HTTP/1.1" 200 -
2025-05-09 09:53:37,945 - INFO - 127.0.0.1 - - [09/May/2025 09:53:37] "OPTIONS /verify-payment HTTP/1.1" 200 -
2025-05-09 09:53:38,207 - INFO - Processing payment verification for order ID: 111
2025-05-09 09:53:39,402 - INFO - Blue ratio detected: 0.412
2025-05-09 09:53:39,403 - INFO - Found 3 payment keywords
2025-05-09 09:53:39,403 - INFO - DANA keyword explicitly found
2025-05-09 09:53:39,403 - INFO - OCR Text: pa in | fetes tana na fey

0 ae gi

eee a4 “@pana jhe on

| ld la: “ff ntah 3. mdana dong bian ion
ban : 2 hass | kitnvang rp15.000 he delia santocosl- ay 2d,

oo ot pe me) as yy fa!

= a be a sj cede pembayaran : saladin -— . kya as

2025-05-09 09:53:39,403 - INFO - Confidence score: 0.90
2025-05-09 09:53:39,403 - INFO - Using fallback detection method - found DANA/BISNIS with sufficient blue ratio
2025-05-09 09:53:39,403 - INFO - Payment proof detected successfully
2025-05-09 09:53:39,415 - INFO - Saved verified payment proof: uploads/bukti\verified_order_111_payment_1746759219.jpg
2025-05-09 09:53:39,415 - INFO - Payment verified and saved: uploads/bukti\verified_order_111_payment_1746759219.jpg
2025-05-09 09:53:39,415 - ERROR - Database error: No module named 'mysql'
2025-05-09 09:53:39,416 - INFO - 127.0.0.1 - - [09/May/2025 09:53:39] "POST /verify-payment HTTP/1.1" 200 -
2025-05-09 09:59:53,146 - INFO -  * Detected change in 'C:\\xampp\\htdocs\\hijaulokauser\\verify_payment.py', reloading
2025-05-09 09:59:53,617 - INFO -  * Restarting with stat
2025-05-09 10:11:39,275 - INFO - Creating new model and scaler
2025-05-09 10:11:39,286 - INFO - Training payment verification model...
2025-05-09 10:12:55,651 - WARNING - Not enough training data or class diversity. Need at least 5 samples and both classes.
2025-05-09 10:12:55,855 - INFO - [31m[1mWARNING: This is a development server. Do not use it in a production deployment. Use a production WSGI server instead.[0m
 * Running on http://127.0.0.1:5000
2025-05-09 10:12:55,855 - INFO - [33mPress CTRL+C to quit[0m
2025-05-09 10:12:55,858 - INFO -  * Restarting with stat
2025-05-09 10:12:59,101 - INFO - Creating new model and scaler
2025-05-09 10:12:59,105 - INFO - Training payment verification model...
2025-05-09 10:14:11,516 - WARNING - Not enough training data or class diversity. Need at least 5 samples and both classes.
2025-05-09 10:14:11,694 - WARNING -  * Debugger is active!
2025-05-09 10:14:11,713 - INFO -  * Debugger PIN: 150-050-058
2025-05-09 10:14:11,944 - INFO - 127.0.0.1 - - [09/May/2025 10:14:11] "OPTIONS /verify-payment HTTP/1.1" 200 -
2025-05-09 10:14:12,271 - INFO - Processing payment verification for order ID: 112
2025-05-09 10:14:16,449 - INFO - Extracted features: {'mean': np.float64(127.34105794270833), 'std': np.float64(55.495048004470505), 'edge_ratio': np.float64(0.018472222222222223), 'blue_ratio': np.float64(0.3996994357638889), 'texture': np.float64(45.68667316434884), 'glcm_energy': np.float64(114.14059244791666), 'hist_r_mean': np.float32(0.14873193), 'hist_g_mean': np.float32(0.13603425), 'hist_b_mean': np.float32(0.13460785), 'hist_r_std': np.float32(0.09554481), 'hist_g_std': np.float32(0.112892345), 'hist_b_std': np.float32(0.11458937), 'keyword_count': 1, 'has_dana': 0, 'has_bisnis': 0, 'has_berhasil': 0, 'has_sukses': 0, 'has_date': 0, 'has_time': 0, 'has_amount': 0, 'text_length': 296}
2025-05-09 10:14:16,449 - INFO - OCR Text: ai . sp cn 2 cs ie wa
se ds nan pe est cade on ee paes
lik = qoane 5 he fa
" are im bf of givers s6 na tl . rat

4 od la i ted @maastimit 2 2 hy
ian pase | ron oa a ve $
2 an ta a pee ok a ey ae
ay ae ey “a ‘pptson0y sa! ki :
ip da pn ya mentepembula sada | tn a
pa peritpenerima nine pots ec io

2025-05-09 10:14:16,449 - INFO - Blue ratio detected: 0.400
2025-05-09 10:14:16,450 - INFO - Found 1 payment keywords
2025-05-09 10:14:16,450 - INFO - Rule-based confidence score: 0.40
2025-05-09 10:14:16,450 - INFO - Payment proof detected successfully
2025-05-09 10:14:16,477 - INFO - Saved verified payment proof: uploads/bukti\verified_order_112_payment_1746760456.jpg
2025-05-09 10:14:16,477 - INFO - Training payment verification model...
2025-05-09 10:15:21,014 - WARNING - Not enough training data or class diversity. Need at least 5 samples and both classes.
2025-05-09 10:15:21,015 - INFO - Payment verified and saved: uploads/bukti\verified_order_112_payment_1746760456.jpg
2025-05-09 10:15:21,015 - ERROR - Database error: No module named 'mysql'
2025-05-09 10:15:21,017 - INFO - 127.0.0.1 - - [09/May/2025 10:15:21] "POST /verify-payment HTTP/1.1" 200 -
2025-05-09 10:19:21,881 - INFO -  * Detected change in 'C:\\xampp\\htdocs\\hijaulokauser\\verify_payment.py', reloading
2025-05-09 10:19:22,837 - INFO -  * Restarting with stat
2025-05-09 10:19:26,206 - INFO - Creating new model and scaler
2025-05-09 10:29:13,926 - INFO - Creating new model and scaler
2025-05-09 10:32:50,615 - INFO - Creating new model and scaler
2025-05-09 10:36:18,049 - INFO - Creating new model and scaler
2025-05-09 10:49:02,606 - INFO - [31m[1mWARNING: This is a development server. Do not use it in a production deployment. Use a production WSGI server instead.[0m
 * Running on all addresses (0.0.0.0)
 * Running on http://127.0.0.1:5000
 * Running on http://192.168.50.213:5000
2025-05-09 10:49:02,609 - INFO - [33mPress CTRL+C to quit[0m
2025-05-09 10:49:02,612 - INFO -  * Restarting with stat
2025-05-09 10:49:03,318 - WARNING -  * Debugger is active!
2025-05-09 10:49:03,328 - INFO -  * Debugger PIN: 150-050-058
2025-05-09 10:49:21,140 - INFO - 127.0.0.1 - - [09/May/2025 10:49:21] "OPTIONS /verify-payment HTTP/1.1" 200 -
2025-05-09 10:49:21,397 - INFO - Processing payment verification for order ID: 112
2025-05-09 10:49:22,295 - INFO - Quick check: No key payment terms found, likely not a payment proof
2025-05-09 10:49:22,307 - INFO - Payment not verified, saved for review: uploads/bukti\unverified_order_112_payment_1746762562.jpg
2025-05-09 10:49:22,309 - INFO - 127.0.0.1 - - [09/May/2025 10:49:22] "POST /verify-payment HTTP/1.1" 200 -
2025-05-09 10:52:51,609 - INFO -  * Detected change in 'C:\\xampp\\htdocs\\hijaulokauser\\verify_payment.py', reloading
2025-05-09 10:52:52,345 - INFO -  * Restarting with stat
2025-05-09 10:52:53,504 - WARNING -  * Debugger is active!
2025-05-09 10:52:53,512 - INFO -  * Debugger PIN: 150-050-058
2025-05-09 10:52:58,768 - INFO - 127.0.0.1 - - [09/May/2025 10:52:58] "OPTIONS /verify-payment HTTP/1.1" 200 -
2025-05-09 10:52:59,014 - INFO - Processing payment verification for order ID: 112
2025-05-09 10:52:59,500 - INFO - Extracted features: {'mean': np.float64(215.2560776748971), 'std': np.float64(80.01252037342888), 'edge_ratio': np.float64(0.06061061061061061), 'blue_ratio': np.float64(0.1653564814814815), 'texture': np.float64(3992.3293893893892)}
2025-05-09 10:52:59,500 - INFO - Text features: {'keyword_count': 0, 'has_dana': 0, 'has_bisnis': 0, 'has_berhasil': 0, 'has_sukses': 0, 'has_date': 0, 'has_time': 0, 'has_amount': 0, 'has_id': 0}
2025-05-09 10:52:59,500 - INFO - OCR Text: | d0 |
aa

2025-05-09 10:52:59,500 - INFO - Blue ratio detected: 0.165
2025-05-09 10:52:59,500 - INFO - Rule-based confidence score: 0.20
2025-05-09 10:52:59,500 - INFO - Not a valid payment proof
2025-05-09 10:52:59,511 - INFO - Payment not verified, saved for review: uploads/bukti\unverified_order_112_payment_1746762779.jpg
2025-05-09 10:52:59,512 - INFO - 127.0.0.1 - - [09/May/2025 10:52:59] "POST /verify-payment HTTP/1.1" 200 -
2025-05-09 10:53:07,833 - INFO -  * Detected change in 'C:\\xampp\\htdocs\\hijaulokauser\\verify_payment.py', reloading
2025-05-09 10:53:07,998 - INFO -  * Restarting with stat
2025-05-09 10:53:09,472 - WARNING -  * Debugger is active!
2025-05-09 10:53:09,478 - INFO -  * Debugger PIN: 150-050-058
2025-05-09 10:53:14,640 - INFO -  * Detected change in 'C:\\xampp\\htdocs\\hijaulokauser\\verify_payment.py', reloading
2025-05-09 10:53:14,773 - INFO -  * Restarting with stat
2025-05-09 10:53:19,285 - INFO - Creating new model and scaler
2025-05-09 10:53:33,512 - INFO - Creating new model and scaler
2025-05-09 10:53:42,300 - INFO - Creating new model and scaler
2025-05-09 10:53:42,302 - INFO - Training payment verification model...
2025-05-09 10:54:32,650 - WARNING - Not enough training data or class diversity. Need at least 5 samples and both classes.
2025-05-09 10:54:32,699 - INFO - [31m[1mWARNING: This is a development server. Do not use it in a production deployment. Use a production WSGI server instead.[0m
 * Running on http://127.0.0.1:5000
2025-05-09 10:54:32,700 - INFO - [33mPress CTRL+C to quit[0m
2025-05-09 10:54:32,704 - INFO -  * Restarting with stat
2025-05-09 10:54:35,072 - INFO - Creating new model and scaler
2025-05-09 10:54:35,074 - INFO - Training payment verification model...
2025-05-09 10:55:21,631 - WARNING - Not enough training data or class diversity. Need at least 5 samples and both classes.
2025-05-09 10:55:21,643 - WARNING -  * Debugger is active!
2025-05-09 10:55:21,646 - INFO -  * Debugger PIN: 150-050-058
2025-05-09 10:55:47,862 - INFO - 127.0.0.1 - - [09/May/2025 10:55:47] "OPTIONS /verify-payment HTTP/1.1" 200 -
2025-05-09 10:55:48,122 - INFO - Processing payment verification for order ID: 112
2025-05-09 10:55:49,382 - INFO - Extracted features: {'mean': np.float64(215.2560776748971), 'std': np.float64(80.01252037342888), 'edge_ratio': np.float64(0.039717592592592596), 'blue_ratio': np.float64(0.1653564814814815), 'texture': np.float64(1616.8122777777778), 'glcm_energy': np.float64(44.966092592592595), 'hist_r_mean': np.float32(0.041556325), 'hist_g_mean': np.float32(0.045223903), 'hist_b_mean': np.float32(0.046992637), 'hist_r_std': np.float32(0.17182279), 'hist_g_std': np.float32(0.17089412), 'hist_b_std': np.float32(0.17041622), 'keyword_count': 1, 'has_dana': 1, 'has_bisnis': 0, 'has_berhasil': 0, 'has_sukses': 0, 'has_date': 0, 'has_time': 0, 'has_amount': 0, 'text_length': 263}
2025-05-09 10:55:49,384 - INFO - OCR Text: = soleo ss
<4
oo oo oa
tap pp ana
= =
see. sn. ae
mee srancane sarna —
set erre es wo 008 ma anatrianayan - =
tea ss np aecaee]
ea mean dao dana
ge = werrans
os a lag
seb oo per an
eon dana oatsisaanzse
sarg ree ee ia buta peri
aa - k2 kaden
‘(sto santuane
= s =

2025-05-09 10:55:49,384 - INFO - Blue ratio detected: 0.165
2025-05-09 10:55:49,384 - INFO - Found 1 payment keywords
2025-05-09 10:55:49,384 - INFO - DANA keyword explicitly found
2025-05-09 10:55:49,385 - INFO - Using fallback detection - found DANA/BISNIS with sufficient blue ratio
2025-05-09 10:55:49,385 - INFO - Rule-based confidence score: 0.90
2025-05-09 10:55:49,385 - INFO - Payment proof detected successfully
2025-05-09 10:55:49,398 - INFO - Saved verified payment proof: uploads/bukti\verified_order_112_payment_1746762949.jpg
2025-05-09 10:55:49,398 - INFO - Training payment verification model...
2025-05-09 10:55:59,384 - INFO -  * Detected change in 'C:\\xampp\\htdocs\\hijaulokauser\\verify_payment.py', reloading
2025-05-09 10:55:59,744 - INFO -  * Restarting with stat
2025-05-09 10:56:00,456 - WARNING -  * Debugger is active!
2025-05-09 10:56:00,460 - INFO -  * Debugger PIN: 150-050-058
2025-05-09 10:56:06,137 - INFO - 127.0.0.1 - - [09/May/2025 10:56:06] "OPTIONS /verify-payment HTTP/1.1" 200 -
2025-05-09 10:56:06,396 - INFO - Processing payment verification for order ID: 112
2025-05-09 10:56:07,703 - INFO - Blue ratio detected: 0.165
2025-05-09 10:56:07,703 - INFO - Found 1 payment keywords
2025-05-09 10:56:07,703 - INFO - DANA keyword explicitly found
2025-05-09 10:56:07,703 - INFO - OCR Text: = soleo ss
<4
oo oo oa
tap pp ana
= =
see. sn. ae
mee srancane sarna —
set erre es wo 008 ma anatrianayan - =
tea ss np aecaee]
ea mean dao dana
ge = werrans
os a lag
seb oo per an
eon dana oatsisaanzse
sarg ree ee ia buta peri
aa - k2 kaden
‘(sto santuane
= s =

2025-05-09 10:56:07,703 - INFO - Confidence score: 0.70
2025-05-09 10:56:07,703 - INFO - Using fallback detection method - found DANA/BISNIS with sufficient blue ratio
2025-05-09 10:56:07,703 - INFO - Payment proof detected successfully
2025-05-09 10:56:07,711 - INFO - Saved verified payment proof: uploads/bukti\verified_order_112_payment_1746762967.jpg
2025-05-09 10:56:07,711 - INFO - Payment verified and saved: uploads/bukti\verified_order_112_payment_1746762967.jpg
2025-05-09 10:56:07,711 - ERROR - Database error: No module named 'mysql'
2025-05-09 10:56:07,712 - INFO - 127.0.0.1 - - [09/May/2025 10:56:07] "POST /verify-payment HTTP/1.1" 200 -
2025-05-09 10:58:56,158 - INFO - 127.0.0.1 - - [09/May/2025 10:58:56] "OPTIONS /verify-payment HTTP/1.1" 200 -
2025-05-09 10:58:56,418 - INFO - Processing payment verification for order ID: 112
2025-05-09 10:58:57,715 - INFO - Blue ratio detected: 0.362
2025-05-09 10:58:57,715 - INFO - OCR Text: ro “ seng ut flt ty we
’ pd | ee | py ud
b , p3 bare @omotimt ehs f

an tb 5 veiniungrsonniabetasanoinst™<, hes. maa

bs ts cua ne og apn pa
baen pn adn © depen, sl bana lpns # n

2025-05-09 10:58:57,715 - INFO - Confidence score: 0.30
2025-05-09 10:58:57,715 - INFO - Not a valid payment proof
2025-05-09 10:58:57,726 - INFO - Payment not verified, saved for review: uploads/bukti\unverified_order_112_payment_1746763137.jpg
2025-05-09 10:58:57,727 - INFO - 127.0.0.1 - - [09/May/2025 10:58:57] "POST /verify-payment HTTP/1.1" 200 -
2025-05-09 10:59:25,866 - INFO - 127.0.0.1 - - [09/May/2025 10:59:25] "OPTIONS /verify-payment HTTP/1.1" 200 -
2025-05-09 10:59:26,128 - INFO - Processing payment verification for order ID: 112
2025-05-09 10:59:27,509 - INFO - Blue ratio detected: 0.356
2025-05-09 10:59:27,509 - INFO - OCR Text: aoe 2s an an mara
ong sak.) rf
2 ya: pang fe ea
= we jok tan ehesictize 29 “pomcansner me ya
a * oh 1 ka fy  trnannpvehaat per :
2 loe les © inuungepscotietetasnosssre. "3 pan ca
be oa hae a) ane orla eat
ot on . fs tota boyar be! “ rpis000 vs a ng 1

2025-05-09 10:59:27,510 - INFO - Confidence score: 0.30
2025-05-09 10:59:27,510 - INFO - Not a valid payment proof
2025-05-09 10:59:27,525 - INFO - Payment not verified, saved for review: uploads/bukti\unverified_order_112_payment_1746763167.jpg
2025-05-09 10:59:27,526 - INFO - 127.0.0.1 - - [09/May/2025 10:59:27] "POST /verify-payment HTTP/1.1" 200 -
2025-05-09 10:59:46,538 - INFO - 127.0.0.1 - - [09/May/2025 10:59:46] "OPTIONS /verify-payment HTTP/1.1" 200 -
2025-05-09 10:59:46,847 - INFO - Processing payment verification for order ID: 112
2025-05-09 10:59:48,161 - INFO - Blue ratio detected: 0.356
2025-05-09 10:59:48,161 - INFO - OCR Text: : oa om i ae a amine si pakai n i | ue 5
ss hea sinvangapiscnwenesalsasl” "2 es ay

se ad e le ai amat” pen ben oa ‘

. : ae toulagar h5, 21600, | ¢ eee ta
ee by a rr ee on a ae ox
bl hi pi ie ‘deta peneiima oe #n es: sa

2025-05-09 10:59:48,161 - INFO - Confidence score: 0.30
2025-05-09 10:59:48,161 - INFO - Not a valid payment proof
2025-05-09 10:59:48,174 - INFO - Payment not verified, saved for review: uploads/bukti\unverified_order_112_payment_1746763188.jpg
2025-05-09 10:59:48,176 - INFO - 127.0.0.1 - - [09/May/2025 10:59:48] "POST /verify-payment HTTP/1.1" 200 -
2025-05-09 11:00:03,441 - INFO - 127.0.0.1 - - [09/May/2025 11:00:03] "OPTIONS /verify-payment HTTP/1.1" 200 -
2025-05-09 11:00:03,700 - INFO - Processing payment verification for order ID: 112
2025-05-09 11:00:05,149 - INFO - Blue ratio detected: 0.442
2025-05-09 11:00:05,150 - INFO - Found 2 payment keywords
2025-05-09 11:00:05,150 - INFO - DANA keyword explicitly found
2025-05-09 11:00:05,150 - INFO - OCR Text: bsa et et oe ap hera ng

ha ‘ a pe a3" iddana 081370988 1 ay na sea f
in pl apn tng ptscon kena santoso 812 ay na

ni . ! pa benar 2. aan rb me an yee n

: pp aaa an 2 rpts.009 a ! a sn

ee on if “meenas 3 sakobaya dita 4 op
cern op chet ad gmanpay 2 £ pp posh be

2025-05-09 11:00:05,150 - INFO - Confidence score: 0.80
2025-05-09 11:00:05,150 - INFO - Using fallback detection method - found DANA/BISNIS with sufficient blue ratio
2025-05-09 11:00:05,150 - INFO - Payment proof detected successfully
2025-05-09 11:00:05,163 - INFO - Saved verified payment proof: uploads/bukti\verified_order_112_payment_1746763205.jpg
2025-05-09 11:00:05,163 - INFO - Payment verified and saved: uploads/bukti\verified_order_112_payment_1746763205.jpg
2025-05-09 11:00:05,164 - ERROR - Database error: No module named 'mysql'
2025-05-09 11:00:05,165 - INFO - 127.0.0.1 - - [09/May/2025 11:00:05] "POST /verify-payment HTTP/1.1" 200 -
2025-05-09 14:42:10,926 - INFO - [31m[1mWARNING: This is a development server. Do not use it in a production deployment. Use a production WSGI server instead.[0m
 * Running on http://127.0.0.1:5000
2025-05-09 14:42:10,930 - INFO - [33mPress CTRL+C to quit[0m
2025-05-09 14:42:10,936 - INFO -  * Restarting with stat
2025-05-09 14:42:21,897 - WARNING -  * Debugger is active!
2025-05-09 14:42:21,917 - INFO -  * Debugger PIN: 150-050-058
2025-05-09 14:49:52,185 - INFO - 127.0.0.1 - - [09/May/2025 14:49:52] "OPTIONS /verify-payment HTTP/1.1" 200 -
2025-05-09 14:49:52,364 - INFO - Processing payment verification for order ID: 113
2025-05-09 14:49:55,295 - INFO - Blue ratio detected: 0.409
2025-05-09 14:49:55,295 - INFO - OCR Text: sat at preteen vee) wagers a

orn pe) ; (sea
ee ele so.

ee yan abang." @) at

| ara si eumtingapts00dkevehasinesosi ka

bi kn sonar asin man kilalo nnrar on gi an

wee peer su nagar 22°" ratan $ a wad

2025-05-09 14:49:55,295 - INFO - Confidence score: 0.30
2025-05-09 14:49:55,295 - INFO - Not a valid payment proof
2025-05-09 14:49:55,313 - INFO - Payment not verified, saved for review: uploads/bukti\unverified_order_113_payment_1746776995.jpg
2025-05-09 14:49:55,315 - INFO - 127.0.0.1 - - [09/May/2025 14:49:55] "POST /verify-payment HTTP/1.1" 200 -
2025-05-09 14:50:03,475 - INFO - 127.0.0.1 - - [09/May/2025 14:50:03] "OPTIONS /verify-payment HTTP/1.1" 200 -
2025-05-09 14:50:03,739 - INFO - Processing payment verification for order ID: 113
2025-05-09 14:50:05,026 - INFO - Blue ratio detected: 0.455
2025-05-09 14:50:05,026 - INFO - Found 1 payment keywords
2025-05-09 14:50:05,026 - INFO - DANA keyword explicitly found
2025-05-09 14:50:05,026 - INFO - OCR Text: na wie
ee gq dana aes
a eam | wasnt wpaknosipds0naa la ra
pai ads hemi gs gd :
7 lue 1 aa perot ‘3 pes re
7 | eee 2 ann *yotalgoyay 2s py ak sara
bs ni bi | b - gentan +4 so ana, ky ban
3 pr ba nan ia smart xo 4 van

2025-05-09 14:50:05,026 - INFO - Confidence score: 0.70
2025-05-09 14:50:05,026 - INFO - Using fallback detection method - found DANA/BISNIS with sufficient blue ratio
2025-05-09 14:50:05,026 - INFO - Payment proof detected successfully
2025-05-09 14:50:05,042 - INFO - Saved verified payment proof: uploads/bukti\verified_order_113_payment_1746777005.jpg
2025-05-09 14:50:05,042 - INFO - Payment verified and saved: uploads/bukti\verified_order_113_payment_1746777005.jpg
2025-05-09 14:50:05,043 - ERROR - Database error: No module named 'mysql'
2025-05-09 14:50:05,044 - INFO - 127.0.0.1 - - [09/May/2025 14:50:05] "POST /verify-payment HTTP/1.1" 200 -
2025-05-09 15:24:06,432 - INFO - 127.0.0.1 - - [09/May/2025 15:24:06] "OPTIONS /verify-payment HTTP/1.1" 200 -
2025-05-09 15:24:06,626 - INFO - Processing payment verification for order ID: 114
2025-05-09 15:24:09,087 - INFO - Blue ratio detected: 0.165
2025-05-09 15:24:09,087 - INFO - Found 1 payment keywords
2025-05-09 15:24:09,088 - INFO - DANA keyword explicitly found
2025-05-09 15:24:09,088 - INFO - OCR Text: = soleo ss
<4
oo oo oa
tap pp ana
= =
see. sn. ae
mee srancane sarna —
set erre es wo 008 ma anatrianayan - =
tea ss np aecaee]
ea mean dao dana
ge = werrans
os a lag
seb oo per an
eon dana oatsisaanzse
sarg ree ee ia buta peri
aa - k2 kaden
‘(sto santuane
= s =

2025-05-09 15:24:09,088 - INFO - Confidence score: 0.70
2025-05-09 15:24:09,088 - INFO - Using fallback detection method - found DANA/BISNIS with sufficient blue ratio
2025-05-09 15:24:09,088 - INFO - Payment proof detected successfully
2025-05-09 15:24:09,106 - INFO - Saved verified payment proof: uploads/bukti\verified_order_114_payment_1746779049.jpg
2025-05-09 15:24:09,106 - INFO - Payment verified and saved: uploads/bukti\verified_order_114_payment_1746779049.jpg
2025-05-09 15:24:09,108 - ERROR - Database error: No module named 'mysql'
2025-05-09 15:24:09,109 - INFO - 127.0.0.1 - - [09/May/2025 15:24:09] "POST /verify-payment HTTP/1.1" 200 -
